SF:/Users/nikitamorozov/edu_itmo/languege_design/satchel/lib/src/type_checker/model/stella_type_report.dart
DA:10,1
DA:27,1
DA:32,1
DA:33,2
DA:35,1
DA:40,2
DA:41,0
DA:42,0
DA:44,0
DA:45,0
DA:46,0
DA:47,0
DA:49,0
DA:53,2
DA:54,2
DA:55,1
DA:56,2
DA:58,2
DA:59,1
DA:61,1
DA:64,1
DA:65,0
DA:71,1
DA:77,1
DA:78,1
DA:80,0
DA:82,0
DA:131,0
DA:135,0
DA:137,0
DA:139,0
DA:140,0
DA:143,0
DA:145,0
DA:146,0
DA:147,0
DA:149,0
DA:150,0
DA:154,0
DA:155,0
DA:159,0
DA:160,0
DA:161,0
DA:162,0
DA:163,0
DA:167,0
DA:169,0
DA:170,0
DA:171,0
DA:172,0
DA:174,0
DA:177,0
DA:179,0
DA:181,0
DA:183,0
DA:184,0
DA:185,0
DA:190,0
DA:194,0
DA:195,0
DA:196,0
DA:197,0
DA:200,0
DA:207,0
DA:209,0
DA:210,0
DA:211,0
DA:212,0
DA:213,0
DA:214,0
DA:215,0
DA:216,0
DA:217,0
DA:218,0
DA:219,0
DA:220,0
DA:221,0
DA:223,0
DA:224,0
DA:225,0
DA:233,0
DA:234,0
DA:244,0
DA:252,0
DA:253,0
DA:255,0
DA:260,0
DA:263,0
DA:264,0
DA:268,0
DA:269,0
DA:271,0
DA:278,0
DA:279,0
DA:280,0
DA:281,0
DA:282,0
DA:283,0
DA:287,0
DA:289,0
LF:100
LH:17
end_of_record
SF:/Users/nikitamorozov/edu_itmo/languege_design/satchel/lib/src/type_checker/model/stella_types.dart
DA:11,5
DA:13,1
DA:14,2
DA:17,1
DA:19,1
DA:22,4
DA:24,1
DA:29,2
DA:31,1
DA:34,0
DA:36,1
DA:39,0
DA:46,3
DA:48,1
DA:51,5
DA:53,1
DA:56,0
DA:65,0
DA:69,0
DA:70,0
DA:72,0
DA:75,0
DA:76,0
DA:77,0
DA:78,0
DA:80,0
DA:81,0
DA:89,1
DA:94,1
DA:95,2
DA:97,1
DA:100,1
DA:101,1
DA:102,3
DA:103,3
DA:104,3
DA:106,0
DA:107,0
DA:109,0
DA:111,0
DA:120,1
DA:121,6
DA:123,1
DA:129,1
DA:132,1
DA:133,1
DA:134,3
DA:135,3
DA:136,3
DA:138,0
DA:139,0
DA:141,0
DA:143,0
DA:151,0
DA:156,0
DA:157,0
DA:159,0
DA:162,0
DA:163,0
DA:164,0
DA:165,0
DA:166,0
DA:168,0
DA:169,0
DA:171,0
DA:173,0
DA:181,0
DA:186,0
DA:187,0
DA:189,0
DA:192,0
DA:193,0
DA:194,0
DA:195,0
DA:196,0
DA:198,0
DA:199,0
DA:201,0
DA:203,0
DA:214,1
DA:218,1
DA:219,4
DA:221,1
DA:224,1
DA:225,1
DA:226,3
DA:227,3
DA:229,0
DA:230,0
DA:232,0
DA:234,0
DA:250,1
DA:255,1
DA:256,5
DA:258,1
DA:261,1
DA:262,1
DA:263,3
DA:264,2
DA:265,3
DA:266,0
DA:267,0
DA:269,1
DA:271,6
DA:273,2
DA:274,5
DA:275,4
DA:278,0
DA:280,0
DA:301,1
DA:306,1
DA:307,1
DA:308,1
DA:309,4
DA:310,4
DA:316,1
DA:317,1
DA:319,1
DA:325,1
DA:326,1
DA:327,3
DA:331,2
DA:334,1
DA:335,2
DA:336,0
DA:337,0
DA:342,2
DA:343,4
DA:344,3
DA:345,0
DA:351,1
DA:352,1
DA:354,3
DA:355,3
DA:359,3
DA:360,1
DA:363,1
DA:365,1
DA:367,1
DA:368,1
DA:378,0
DA:380,0
DA:381,0
DA:382,0
DA:384,0
DA:386,0
DA:393,1
DA:397,1
DA:398,2
DA:400,1
DA:403,1
DA:404,1
DA:405,3
DA:406,5
DA:408,0
DA:409,0
DA:411,0
DA:413,0
DA:418,4
DA:420,1
DA:423,0
DA:425,0
DA:428,0
DA:435,2
DA:439,2
DA:443,2
DA:449,0
DA:451,0
DA:454,0
DA:455,0
DA:456,0
DA:457,0
DA:459,0
DA:460,0
DA:462,0
DA:464,0
LF:176
LH:95
end_of_record
SF:/Users/nikitamorozov/edu_itmo/languege_design/satchel/lib/src/type_checker/model/stella_types_context.dart
DA:6,2
DA:8,5
DA:10,1
DA:11,2
DA:16,1
DA:17,2
DA:20,1
DA:21,2
DA:24,1
DA:25,1
DA:28,1
DA:29,1
DA:32,1
DA:33,1
DA:34,2
DA:38,1
DA:39,1
DA:40,1
DA:41,2
DA:44,1
DA:47,1
DA:48,3
LF:22
LH:22
end_of_record
SF:/Users/nikitamorozov/edu_itmo/languege_design/satchel/lib/src/type_checker/type_checker.dart
DA:10,1
DA:11,2
DA:12,2
DA:15,1
DA:16,1
DA:17,1
DA:18,1
DA:19,2
DA:21,1
DA:23,2
DA:25,1
DA:26,1
DA:27,0
DA:34,2
DA:35,0
DA:42,2
DA:43,0
LF:17
LH:14
end_of_record
SF:/Users/nikitamorozov/edu_itmo/languege_design/satchel/lib/src/antlr/StellaLexer.dart
DA:6,2
DA:7,2
DA:9,3
DA:10,6
DA:11,2
DA:12,1
DA:206,0
DA:290,0
DA:382,0
DA:383,0
DA:385,0
DA:387,0
DA:390,2
DA:391,5
DA:395,0
DA:398,0
DA:401,0
DA:403,0
DA:6071,4
LF:19
LH:9
end_of_record
SF:/Users/nikitamorozov/edu_itmo/languege_design/satchel/lib/src/antlr/StellaParser.dart
DA:30,2
DA:31,2
DA:34,3
DA:35,6
DA:36,2
DA:37,1
DA:150,0
DA:234,0
DA:326,0
DA:327,0
DA:329,0
DA:331,0
DA:334,0
DA:337,0
DA:340,1
DA:342,1
DA:345,2
DA:346,1
DA:347,4
DA:350,1
DA:351,3
DA:352,1
DA:354,1
DA:355,1
DA:356,2
DA:357,1
DA:358,1
DA:359,0
DA:360,0
DA:361,0
DA:362,0
DA:364,1
DA:369,0
DA:370,0
DA:371,0
DA:373,0
DA:374,0
DA:375,0
DA:376,0
DA:377,0
DA:378,0
DA:379,0
DA:380,0
DA:381,0
DA:383,0
DA:388,0
DA:389,0
DA:390,0
DA:392,0
DA:393,0
DA:394,0
DA:395,0
DA:396,0
DA:397,0
DA:398,0
DA:399,0
DA:400,0
DA:402,0
DA:407,1
DA:408,3
DA:409,1
DA:412,1
DA:413,1
DA:414,1
DA:415,1
DA:416,2
DA:417,2
DA:418,1
DA:419,1
DA:420,2
DA:421,3
DA:422,1
DA:423,2
DA:424,2
DA:426,1
DA:427,2
DA:428,2
DA:429,4
DA:430,4
DA:431,1
DA:432,2
DA:433,3
DA:434,1
DA:435,2
DA:436,2
DA:438,0
DA:439,0
DA:440,0
DA:441,0
DA:443,1
DA:448,1
DA:449,3
DA:450,1
DA:452,1
DA:453,1
DA:454,1
DA:455,1
DA:456,1
DA:457,1
DA:458,1
DA:459,1
DA:460,0
DA:461,0
DA:462,0
DA:463,0
DA:465,1
DA:470,1
DA:471,3
DA:472,1
DA:475,1
DA:476,1
DA:477,1
DA:478,1
DA:479,1
DA:480,1
DA:481,1
DA:482,2
DA:483,3
DA:484,1
DA:485,2
DA:486,2
DA:487,1
DA:488,1
DA:489,1
DA:490,1
DA:491,2
DA:492,3
DA:493,1
DA:494,2
DA:495,2
DA:497,1
DA:498,1
DA:499,0
DA:500,0
DA:501,0
DA:502,0
DA:504,1
DA:509,1
DA:510,3
DA:511,1
DA:514,1
DA:515,2
DA:516,4
DA:517,1
DA:518,1
DA:519,1
DA:520,1
DA:521,2
DA:522,2
DA:523,1
DA:524,0
DA:525,0
DA:526,0
DA:527,0
DA:528,0
DA:529,0
DA:531,1
DA:532,1
DA:533,1
DA:534,2
DA:535,1
DA:536,1
DA:537,1
DA:538,2
DA:539,2
DA:540,1
DA:541,1
DA:542,2
DA:543,3
DA:544,1
DA:545,2
DA:546,2
DA:547,1
DA:548,1
DA:549,1
DA:550,1
DA:551,2
DA:552,3
DA:553,1
DA:554,2
DA:555,2
DA:559,1
DA:560,1
DA:561,1
DA:562,2
DA:563,2
DA:564,1
DA:565,1
DA:566,1
DA:567,1
DA:568,2
DA:571,1
DA:572,2
DA:573,2
DA:574,1
DA:575,0
DA:576,0
DA:577,0
DA:578,0
DA:579,0
DA:580,0
DA:581,0
DA:582,0
DA:583,0
DA:584,0
DA:585,0
DA:586,0
DA:587,0
DA:588,0
DA:589,0
DA:590,0
DA:591,0
DA:595,1
DA:596,1
DA:597,1
DA:598,2
DA:599,2
DA:600,4
DA:601,4
DA:602,1
DA:603,2
DA:604,3
DA:605,1
DA:606,2
DA:607,2
DA:609,1
DA:610,1
DA:611,1
DA:612,2
DA:613,1
DA:614,1
DA:616,0
DA:617,0
DA:618,0
DA:619,0
DA:620,0
DA:621,0
DA:622,0
DA:623,0
DA:624,0
DA:625,0
DA:626,0
DA:627,0
DA:628,0
DA:630,0
DA:631,0
DA:632,0
DA:633,0
DA:634,0
DA:635,0
DA:636,0
DA:637,0
DA:638,0
DA:639,0
DA:640,0
DA:641,0
DA:642,0
DA:643,0
DA:644,0
DA:645,0
DA:646,0
DA:647,0
DA:648,0
DA:649,0
DA:650,0
DA:651,0
DA:652,0
DA:654,0
DA:655,0
DA:656,0
DA:657,0
DA:658,0
DA:659,0
DA:660,0
DA:661,0
DA:662,0
DA:663,0
DA:664,0
DA:665,0
DA:666,0
DA:667,0
DA:668,0
DA:669,0
DA:670,0
DA:671,0
DA:672,0
DA:673,0
DA:674,0
DA:675,0
DA:676,0
DA:680,0
DA:681,0
DA:682,0
DA:683,0
DA:684,0
DA:685,0
DA:686,0
DA:687,0
DA:688,0
DA:689,0
DA:692,0
DA:693,0
DA:694,0
DA:695,0
DA:696,0
DA:697,0
DA:698,0
DA:699,0
DA:700,0
DA:701,0
DA:702,0
DA:703,0
DA:704,0
DA:705,0
DA:706,0
DA:707,0
DA:708,0
DA:709,0
DA:710,0
DA:711,0
DA:712,0
DA:716,0
DA:717,0
DA:718,0
DA:719,0
DA:720,0
DA:721,0
DA:722,0
DA:723,0
DA:724,0
DA:725,0
DA:726,0
DA:727,0
DA:728,0
DA:730,0
DA:731,0
DA:732,0
DA:733,0
DA:734,0
DA:735,0
DA:737,0
DA:738,0
DA:739,0
DA:740,0
DA:741,0
DA:742,0
DA:743,0
DA:744,0
DA:745,0
DA:746,0
DA:747,0
DA:749,0
DA:750,0
DA:751,0
DA:752,0
DA:753,0
DA:754,0
DA:755,0
DA:756,0
DA:757,0
DA:758,0
DA:759,0
DA:761,0
DA:762,0
DA:763,0
DA:764,0
DA:765,0
DA:766,0
DA:767,0
DA:768,0
DA:769,0
DA:770,0
DA:771,0
DA:772,0
DA:773,0
DA:776,0
DA:777,0
DA:778,0
DA:779,0
DA:781,1
DA:786,0
DA:787,0
DA:788,0
DA:790,0
DA:791,0
DA:792,0
DA:793,0
DA:794,0
DA:795,0
DA:796,0
DA:797,0
DA:799,0
DA:804,1
DA:805,3
DA:806,1
DA:808,1
DA:809,1
DA:810,2
DA:811,1
DA:812,1
DA:813,1
DA:814,2
DA:815,0
DA:816,0
DA:817,0
DA:818,0
DA:820,1
DA:825,1
DA:826,1
DA:827,1
DA:828,2
DA:831,1
DA:835,1
DA:836,1
DA:837,2
DA:838,4
DA:839,1
DA:840,1
DA:841,1
DA:844,1
DA:845,1
DA:847,1
DA:848,1
DA:849,1
DA:851,1
DA:852,1
DA:854,1
DA:855,1
DA:856,1
DA:858,1
DA:859,1
DA:861,1
DA:862,1
DA:863,1
DA:865,1
DA:866,2
DA:868,1
DA:869,0
DA:870,0
DA:872,0
DA:873,0
DA:875,1
DA:876,1
DA:877,1
DA:879,1
DA:880,2
DA:882,1
DA:883,0
DA:884,0
DA:886,0
DA:887,0
DA:889,1
DA:890,0
DA:891,0
DA:893,0
DA:894,0
DA:895,0
DA:896,0
DA:897,0
DA:898,0
DA:899,0
DA:900,0
DA:902,1
DA:903,0
DA:904,0
DA:906,0
DA:907,0
DA:908,0
DA:909,0
DA:910,0
DA:911,0
DA:912,0
DA:913,0
DA:914,0
DA:915,0
DA:916,0
DA:917,0
DA:918,0
DA:919,0
DA:920,0
DA:921,0
DA:922,0
DA:923,0
DA:924,0
DA:925,0
DA:927,1
DA:928,0
DA:929,0
DA:931,0
DA:932,0
DA:933,0
DA:934,0
DA:935,0
DA:936,0
DA:937,0
DA:938,0
DA:939,0
DA:940,0
DA:941,0
DA:942,0
DA:943,0
DA:944,0
DA:945,0
DA:946,0
DA:947,0
DA:948,0
DA:949,0
DA:950,0
DA:951,0
DA:952,0
DA:953,0
DA:954,0
DA:955,0
DA:956,0
DA:957,0
DA:958,0
DA:959,0
DA:960,0
DA:961,0
DA:962,0
DA:964,1
DA:965,0
DA:966,0
DA:968,0
DA:969,0
DA:970,0
DA:971,0
DA:972,0
DA:973,0
DA:974,0
DA:975,0
DA:976,0
DA:977,0
DA:978,0
DA:979,0
DA:980,0
DA:981,0
DA:982,0
DA:983,0
DA:985,1
DA:986,1
DA:987,1
DA:989,1
DA:990,1
DA:991,1
DA:992,1
DA:993,1
DA:994,2
DA:995,1
DA:996,1
DA:998,1
DA:999,1
DA:1000,1
DA:1002,1
DA:1003,1
DA:1004,1
DA:1005,1
DA:1006,1
DA:1007,2
DA:1008,1
DA:1009,1
DA:1011,1
DA:1012,1
DA:1013,1
DA:1015,1
DA:1016,1
DA:1017,1
DA:1018,1
DA:1019,1
DA:1020,2
DA:1021,1
DA:1022,1
DA:1023,1
DA:1024,2
DA:1025,1
DA:1026,1
DA:1028,1
DA:1029,1
DA:1030,1
DA:1032,1
DA:1033,1
DA:1034,1
DA:1035,1
DA:1036,1
DA:1037,2
DA:1038,1
DA:1039,1
DA:1041,1
DA:1042,1
DA:1043,1
DA:1045,1
DA:1046,1
DA:1047,1
DA:1048,1
DA:1049,1
DA:1050,2
DA:1051,1
DA:1052,1
DA:1054,1
DA:1055,1
DA:1056,1
DA:1058,1
DA:1059,1
DA:1060,1
DA:1061,1
DA:1062,1
DA:1063,2
DA:1064,1
DA:1065,1
DA:1067,1
DA:1068,1
DA:1069,1
DA:1071,1
DA:1072,1
DA:1073,1
DA:1074,1
DA:1075,1
DA:1076,2
DA:1077,1
DA:1078,1
DA:1080,1
DA:1081,0
DA:1082,0
DA:1084,0
DA:1085,0
DA:1086,0
DA:1087,0
DA:1088,0
DA:1089,0
DA:1090,0
DA:1091,0
DA:1093,1
DA:1094,0
DA:1095,0
DA:1097,0
DA:1098,0
DA:1099,0
DA:1100,0
DA:1101,0
DA:1102,0
DA:1103,0
DA:1104,0
DA:1106,1
DA:1107,1
DA:1108,1
DA:1110,1
DA:1111,1
DA:1112,1
DA:1113,1
DA:1114,1
DA:1115,2
DA:1116,1
DA:1117,1
DA:1119,1
DA:1120,1
DA:1121,1
DA:1123,1
DA:1124,1
DA:1125,1
DA:1126,1
DA:1127,1
DA:1128,2
DA:1129,1
DA:1130,1
DA:1132,1
DA:1133,1
DA:1134,1
DA:1136,1
DA:1137,1
DA:1138,1
DA:1139,1
DA:1140,1
DA:1141,2
DA:1142,1
DA:1143,1
DA:1144,1
DA:1145,2
DA:1146,1
DA:1147,1
DA:1148,1
DA:1149,2
DA:1150,1
DA:1151,1
DA:1153,1
DA:1154,0
DA:1155,0
DA:1157,0
DA:1158,0
DA:1159,0
DA:1160,0
DA:1161,0
DA:1162,0
DA:1163,0
DA:1164,0
DA:1165,0
DA:1166,0
DA:1168,1
DA:1169,0
DA:1170,0
DA:1172,0
DA:1173,0
DA:1174,0
DA:1175,0
DA:1176,0
DA:1177,0
DA:1178,0
DA:1179,0
DA:1180,0
DA:1181,0
DA:1183,1
DA:1184,0
DA:1185,0
DA:1187,0
DA:1188,0
DA:1189,0
DA:1190,0
DA:1192,1
DA:1193,0
DA:1194,0
DA:1196,0
DA:1197,0
DA:1198,0
DA:1199,0
DA:1201,1
DA:1202,1
DA:1203,1
DA:1205,1
DA:1206,1
DA:1207,1
DA:1208,1
DA:1209,1
DA:1210,2
DA:1211,2
DA:1212,1
DA:1213,1
DA:1214,2
DA:1215,3
DA:1216,1
DA:1217,2
DA:1218,2
DA:1219,1
DA:1220,0
DA:1221,0
DA:1222,0
DA:1223,0
DA:1224,0
DA:1225,0
DA:1226,0
DA:1227,0
DA:1231,1
DA:1232,1
DA:1233,1
DA:1234,1
DA:1235,1
DA:1236,1
DA:1237,1
DA:1238,2
DA:1239,1
DA:1240,1
DA:1242,1
DA:1243,1
DA:1244,1
DA:1246,1
DA:1247,1
DA:1248,1
DA:1249,2
DA:1250,2
DA:1251,3
DA:1252,3
DA:1253,2
DA:1254,1
DA:1255,4
DA:1256,4
DA:1257,1
DA:1258,2
DA:1259,3
DA:1260,1
DA:1261,2
DA:1262,2
DA:1263,1
DA:1264,1
DA:1265,1
DA:1266,1
DA:1267,2
DA:1268,3
DA:1269,1
DA:1270,2
DA:1271,2
DA:1275,1
DA:1276,1
DA:1278,1
DA:1279,1
DA:1280,1
DA:1282,1
DA:1283,1
DA:1284,1
DA:1285,2
DA:1286,3
DA:1287,1
DA:1288,2
DA:1289,2
DA:1290,1
DA:1291,1
DA:1292,1
DA:1293,1
DA:1294,2
DA:1295,3
DA:1296,1
DA:1297,2
DA:1298,2
DA:1300,1
DA:1301,1
DA:1303,1
DA:1304,1
DA:1305,1
DA:1307,1
DA:1308,1
DA:1309,1
DA:1310,2
DA:1311,1
DA:1312,2
DA:1313,2
DA:1314,1
DA:1315,1
DA:1316,1
DA:1317,1
DA:1318,2
DA:1321,1
DA:1322,1
DA:1324,1
DA:1325,1
DA:1326,1
DA:1328,1
DA:1329,1
DA:1330,1
DA:1331,2
DA:1332,1
DA:1333,1
DA:1334,1
DA:1335,2
DA:1336,2
DA:1337,3
DA:1338,3
DA:1339,2
DA:1340,1
DA:1341,4
DA:1342,4
DA:1343,1
DA:1344,2
DA:1345,3
DA:1346,1
DA:1347,2
DA:1348,2
DA:1349,1
DA:1350,1
DA:1351,1
DA:1352,1
DA:1353,2
DA:1354,3
DA:1355,1
DA:1356,2
DA:1357,2
DA:1361,1
DA:1362,1
DA:1364,1
DA:1365,1
DA:1366,1
DA:1368,1
DA:1369,1
DA:1370,1
DA:1371,2
DA:1372,2
DA:1373,3
DA:1374,3
DA:1375,2
DA:1376,1
DA:1377,4
DA:1378,4
DA:1379,1
DA:1380,2
DA:1381,3
DA:1382,1
DA:1383,2
DA:1384,2
DA:1385,1
DA:1386,1
DA:1387,1
DA:1388,1
DA:1389,2
DA:1390,3
DA:1391,1
DA:1392,2
DA:1393,2
DA:1397,1
DA:1398,1
DA:1400,1
DA:1401,1
DA:1402,1
DA:1404,1
DA:1405,1
DA:1406,1
DA:1407,2
DA:1408,1
DA:1409,1
DA:1410,1
DA:1411,2
DA:1412,1
DA:1413,1
DA:1414,1
DA:1415,2
DA:1417,1
DA:1418,1
DA:1419,1
DA:1421,1
DA:1422,1
DA:1423,1
DA:1424,2
DA:1425,3
DA:1426,1
DA:1427,2
DA:1428,2
DA:1429,1
DA:1430,0
DA:1431,0
DA:1432,0
DA:1433,0
DA:1434,0
DA:1435,0
DA:1436,0
DA:1437,0
DA:1439,1
DA:1440,1
DA:1441,1
DA:1442,2
DA:1444,1
DA:1445,1
DA:1446,1
DA:1448,1
DA:1449,1
DA:1450,1
DA:1451,2
DA:1452,3
DA:1453,1
DA:1454,2
DA:1455,2
DA:1456,1
DA:1457,0
DA:1458,0
DA:1459,0
DA:1460,0
DA:1461,0
DA:1462,0
DA:1463,0
DA:1464,0
DA:1466,1
DA:1467,1
DA:1468,1
DA:1469,2
DA:1471,1
DA:1472,0
DA:1473,0
DA:1475,0
DA:1476,0
DA:1477,0
DA:1478,0
DA:1479,0
DA:1480,0
DA:1481,0
DA:1482,0
DA:1483,0
DA:1484,0
DA:1485,0
DA:1486,0
DA:1487,0
DA:1488,0
DA:1489,0
DA:1490,0
DA:1491,0
DA:1492,0
DA:1493,0
DA:1495,0
DA:1496,0
DA:1497,0
DA:1498,0
DA:1500,1
DA:1501,1
DA:1502,1
DA:1504,1
DA:1505,1
DA:1506,1
DA:1507,2
DA:1508,1
DA:1509,1
DA:1512,5
DA:1513,1
DA:1514,2
DA:1515,4
DA:1516,2
DA:1517,1
DA:1518,1
DA:1520,1
DA:1521,2
DA:1522,4
DA:1523,1
DA:1524,0
DA:1525,0
DA:1526,0
DA:1527,0
DA:1528,0
DA:1529,0
DA:1530,0
DA:1532,0
DA:1533,0
DA:1534,0
DA:1535,0
DA:1537,1
DA:1538,0
DA:1539,0
DA:1540,0
DA:1541,0
DA:1542,0
DA:1543,0
DA:1544,0
DA:1546,0
DA:1547,0
DA:1548,0
DA:1549,0
DA:1551,1
DA:1552,0
DA:1553,0
DA:1554,0
DA:1555,0
DA:1556,0
DA:1557,0
DA:1558,0
DA:1560,0
DA:1561,0
DA:1562,0
DA:1563,0
DA:1565,1
DA:1567,0
DA:1568,0
DA:1569,0
DA:1570,0
DA:1571,0
DA:1572,0
DA:1574,0
DA:1575,0
DA:1576,0
DA:1577,0
DA:1579,1
DA:1580,0
DA:1581,0
DA:1582,0
DA:1583,0
DA:1584,0
DA:1585,0
DA:1586,0
DA:1588,0
DA:1589,0
DA:1590,0
DA:1591,0
DA:1593,1
DA:1594,0
DA:1595,0
DA:1596,0
DA:1597,0
DA:1598,0
DA:1599,0
DA:1600,0
DA:1602,0
DA:1603,0
DA:1604,0
DA:1605,0
DA:1607,1
DA:1608,0
DA:1609,0
DA:1610,0
DA:1611,0
DA:1612,0
DA:1613,0
DA:1614,0
DA:1616,0
DA:1617,0
DA:1618,0
DA:1619,0
DA:1621,1
DA:1622,0
DA:1623,0
DA:1624,0
DA:1625,0
DA:1626,0
DA:1627,0
DA:1628,0
DA:1630,0
DA:1631,0
DA:1632,0
DA:1633,0
DA:1635,1
DA:1636,0
DA:1637,0
DA:1638,0
DA:1639,0
DA:1640,0
DA:1641,0
DA:1642,0
DA:1644,0
DA:1645,0
DA:1646,0
DA:1647,0
DA:1649,1
DA:1650,0
DA:1651,0
DA:1652,0
DA:1653,0
DA:1654,0
DA:1655,0
DA:1656,0
DA:1658,0
DA:1659,0
DA:1660,0
DA:1661,0
DA:1663,1
DA:1665,0
DA:1666,0
DA:1667,0
DA:1668,0
DA:1669,0
DA:1670,0
DA:1672,0
DA:1673,0
DA:1674,0
DA:1675,0
DA:1677,1
DA:1678,0
DA:1679,0
DA:1680,0
DA:1681,0
DA:1682,0
DA:1683,0
DA:1684,0
DA:1686,0
DA:1687,0
DA:1688,0
DA:1689,0
DA:1691,1
DA:1692,0
DA:1693,0
DA:1694,0
DA:1695,0
DA:1696,0
DA:1697,0
DA:1698,0
DA:1700,0
DA:1701,0
DA:1702,0
DA:1703,0
DA:1705,1
DA:1706,0
DA:1707,0
DA:1708,0
DA:1709,0
DA:1710,0
DA:1711,0
DA:1712,0
DA:1714,0
DA:1715,0
DA:1716,0
DA:1717,0
DA:1719,1
DA:1720,1
DA:1721,1
DA:1722,1
DA:1723,1
DA:1724,1
DA:1725,2
DA:1726,0
DA:1728,1
DA:1729,1
DA:1730,1
DA:1731,2
DA:1733,1
DA:1734,1
DA:1735,1
DA:1736,1
DA:1737,1
DA:1738,1
DA:1739,2
DA:1740,0
DA:1742,1
DA:1743,1
DA:1744,1
DA:1745,2
DA:1747,1
DA:1748,1
DA:1749,1
DA:1750,1
DA:1751,1
DA:1752,1
DA:1753,2
DA:1754,0
DA:1756,1
DA:1757,1
DA:1758,1
DA:1759,2
DA:1760,2
DA:1761,3
DA:1762,3
DA:1763,2
DA:1764,1
DA:1765,4
DA:1766,4
DA:1767,1
DA:1768,2
DA:1769,3
DA:1770,1
DA:1771,2
DA:1772,2
DA:1773,1
DA:1774,1
DA:1775,1
DA:1776,1
DA:1777,2
DA:1778,3
DA:1779,1
DA:1780,2
DA:1781,2
DA:1785,1
DA:1786,1
DA:1788,1
DA:1789,0
DA:1790,0
DA:1791,0
DA:1792,0
DA:1793,0
DA:1794,0
DA:1795,0
DA:1797,0
DA:1798,0
DA:1800,0
DA:1801,0
DA:1802,0
DA:1803,0
DA:1804,0
DA:1805,0
DA:1806,0
DA:1807,0
DA:1808,0
DA:1809,0
DA:1810,0
DA:1811,0
DA:1812,0
DA:1813,0
DA:1814,0
DA:1816,0
DA:1817,0
DA:1819,1
DA:1820,1
DA:1821,1
DA:1822,1
DA:1823,1
DA:1824,1
DA:1825,2
DA:1826,0
DA:1828,1
DA:1829,1
DA:1830,1
DA:1831,2
DA:1833,1
DA:1834,0
DA:1835,0
DA:1836,0
DA:1837,0
DA:1838,0
DA:1839,0
DA:1840,0
DA:1842,0
DA:1843,0
DA:1844,0
DA:1845,0
DA:1846,0
DA:1847,0
DA:1849,1
DA:1850,1
DA:1851,1
DA:1852,1
DA:1853,1
DA:1854,1
DA:1855,2
DA:1856,0
DA:1858,1
DA:1859,1
DA:1863,1
DA:1864,2
DA:1865,4
DA:1867,0
DA:1868,0
DA:1869,0
DA:1870,0
DA:1872,1
DA:1877,1
DA:1878,3
DA:1879,1
DA:1881,1
DA:1882,1
DA:1883,2
DA:1884,1
DA:1885,1
DA:1886,1
DA:1887,2
DA:1888,0
DA:1889,0
DA:1890,0
DA:1891,0
DA:1893,1
DA:1898,1
DA:1899,3
DA:1900,1
DA:1902,1
DA:1903,1
DA:1904,2
DA:1905,1
DA:1906,1
DA:1907,1
DA:1908,2
DA:1909,0
DA:1910,0
DA:1911,0
DA:1912,0
DA:1914,1
DA:1919,1
DA:1920,3
DA:1921,1
DA:1923,1
DA:1924,1
DA:1925,2
DA:1926,1
DA:1927,1
DA:1928,1
DA:1929,2
DA:1930,0
DA:1931,0
DA:1932,0
DA:1933,0
DA:1935,1
DA:1940,1
DA:1941,1
DA:1942,1
DA:1943,2
DA:1946,1
DA:1950,1
DA:1951,1
DA:1952,2
DA:1953,4
DA:1954,1
DA:1955,1
DA:1956,1
DA:1959,1
DA:1960,1
DA:1961,1
DA:1962,2
DA:1963,1
DA:1964,2
DA:1965,2
DA:1966,1
DA:1967,1
DA:1968,1
DA:1969,1
DA:1970,2
DA:1973,1
DA:1974,1
DA:1976,1
DA:1977,1
DA:1978,1
DA:1980,1
DA:1981,1
DA:1982,1
DA:1983,1
DA:1984,1
DA:1985,2
DA:1986,1
DA:1987,1
DA:1989,1
DA:1990,1
DA:1991,1
DA:1993,1
DA:1994,1
DA:1995,1
DA:1996,1
DA:1997,1
DA:1998,2
DA:1999,1
DA:2000,1
DA:2002,1
DA:2003,1
DA:2004,1
DA:2006,1
DA:2007,1
DA:2008,1
DA:2009,2
DA:2010,2
DA:2011,3
DA:2012,0
DA:2013,0
DA:2014,0
DA:2015,4
DA:2016,4
DA:2017,1
DA:2018,2
DA:2019,3
DA:2020,1
DA:2021,2
DA:2022,2
DA:2023,1
DA:2024,1
DA:2025,1
DA:2026,1
DA:2027,2
DA:2028,3
DA:2029,1
DA:2030,2
DA:2031,2
DA:2035,1
DA:2036,1
DA:2038,1
DA:2039,1
DA:2040,1
DA:2042,1
DA:2043,1
DA:2044,1
DA:2045,2
DA:2046,2
DA:2047,1
DA:2048,1
DA:2049,2
DA:2050,3
DA:2051,1
DA:2052,2
DA:2053,2
DA:2054,1
DA:2055,1
DA:2056,1
DA:2057,1
DA:2058,2
DA:2059,3
DA:2060,1
DA:2061,2
DA:2062,2
DA:2066,1
DA:2067,1
DA:2069,1
DA:2070,1
DA:2071,1
DA:2073,1
DA:2074,1
DA:2075,1
DA:2076,2
DA:2077,2
DA:2078,3
DA:2079,3
DA:2080,2
DA:2081,1
DA:2082,4
DA:2083,4
DA:2084,1
DA:2085,2
DA:2086,3
DA:2087,1
DA:2088,2
DA:2089,2
DA:2090,1
DA:2091,1
DA:2092,1
DA:2093,1
DA:2094,2
DA:2095,3
DA:2096,1
DA:2097,2
DA:2098,2
DA:2102,1
DA:2103,1
DA:2105,1
DA:2106,1
DA:2107,1
DA:2109,1
DA:2110,1
DA:2111,1
DA:2112,1
DA:2113,1
DA:2114,2
DA:2115,1
DA:2116,1
DA:2117,1
DA:2118,2
DA:2119,1
DA:2120,1
DA:2122,1
DA:2123,1
DA:2124,1
DA:2126,1
DA:2127,1
DA:2129,1
DA:2130,1
DA:2131,1
DA:2133,1
DA:2134,1
DA:2136,1
DA:2137,1
DA:2138,1
DA:2140,1
DA:2141,1
DA:2143,1
DA:2144,1
DA:2145,1
DA:2147,1
DA:2148,2
DA:2150,1
DA:2151,1
DA:2152,1
DA:2154,1
DA:2155,1
DA:2156,1
DA:2157,1
DA:2158,1
DA:2159,2
DA:2160,1
DA:2161,1
DA:2163,1
DA:2164,1
DA:2165,1
DA:2167,1
DA:2168,2
DA:2170,1
DA:2171,1
DA:2172,1
DA:2174,1
DA:2175,1
DA:2176,1
DA:2177,2
DA:2178,1
DA:2179,1
DA:2182,5
DA:2183,1
DA:2184,2
DA:2185,4
DA:2186,2
DA:2187,1
DA:2188,1
DA:2190,1
DA:2191,2
DA:2192,4
DA:2193,1
DA:2194,1
DA:2195,1
DA:2196,1
DA:2197,1
DA:2198,1
DA:2199,2
DA:2200,0
DA:2202,1
DA:2203,1
DA:2204,1
DA:2205,2
DA:2207,0
DA:2208,0
DA:2209,0
DA:2210,0
DA:2211,0
DA:2212,0
DA:2213,0
DA:2214,0
DA:2216,0
DA:2217,0
DA:2218,0
DA:2219,0
DA:2220,0
DA:2221,0
DA:2225,1
DA:2226,2
DA:2227,4
DA:2229,0
DA:2230,0
DA:2231,0
DA:2232,0
DA:2234,1
DA:2239,1
DA:2240,3
DA:2241,1
DA:2243,1
DA:2244,1
DA:2245,2
DA:2246,1
DA:2247,1
DA:2248,1
DA:2249,2
DA:2250,0
DA:2251,0
DA:2252,0
DA:2253,0
DA:2255,1
DA:2260,1
DA:2261,1
DA:2262,1
DA:2263,2
DA:2266,1
DA:2270,1
DA:2271,1
DA:2272,2
DA:2273,4
DA:2274,1
DA:2275,1
DA:2276,1
DA:2279,1
DA:2280,1
DA:2282,1
DA:2283,1
DA:2284,1
DA:2286,1
DA:2287,1
DA:2289,1
DA:2290,0
DA:2291,0
DA:2293,0
DA:2294,0
DA:2295,0
DA:2296,0
DA:2298,1
DA:2299,1
DA:2300,1
DA:2302,1
DA:2303,1
DA:2304,1
DA:2305,1
DA:2306,1
DA:2307,2
DA:2308,2
DA:2309,6
DA:2310,4
DA:2311,0
DA:2312,1
DA:2313,2
DA:2314,3
DA:2315,1
DA:2316,2
DA:2317,2
DA:2318,1
DA:2319,1
DA:2320,1
DA:2321,1
DA:2322,2
DA:2323,3
DA:2324,1
DA:2325,2
DA:2326,2
DA:2330,1
DA:2331,1
DA:2332,1
DA:2333,1
DA:2334,1
DA:2335,2
DA:2337,1
DA:2338,0
DA:2339,0
DA:2341,0
DA:2342,0
DA:2343,0
DA:2344,0
DA:2345,0
DA:2346,0
DA:2347,0
DA:2348,0
DA:2349,0
DA:2350,0
DA:2351,0
DA:2352,0
DA:2354,0
DA:2355,0
DA:2356,0
DA:2357,0
DA:2359,1
DA:2360,0
DA:2361,0
DA:2363,0
DA:2364,0
DA:2365,0
DA:2366,0
DA:2367,0
DA:2368,0
DA:2369,0
DA:2370,0
DA:2372,1
DA:2373,1
DA:2374,1
DA:2376,1
DA:2377,1
DA:2378,1
DA:2379,2
DA:2380,2
DA:2381,6
DA:2382,0
DA:2383,0
DA:2384,1
DA:2385,2
DA:2386,3
DA:2387,1
DA:2388,2
DA:2389,2
DA:2390,1
DA:2391,1
DA:2392,1
DA:2393,1
DA:2394,2
DA:2395,3
DA:2396,1
DA:2397,2
DA:2398,2
DA:2402,1
DA:2403,1
DA:2405,1
DA:2406,1
DA:2407,1
DA:2409,1
DA:2410,1
DA:2411,1
DA:2412,2
DA:2413,3
DA:2414,1
DA:2415,2
DA:2416,2
DA:2417,1
DA:2418,1
DA:2419,1
DA:2420,1
DA:2421,2
DA:2422,3
DA:2423,1
DA:2424,2
DA:2425,2
DA:2427,1
DA:2428,1
DA:2430,1
DA:2431,1
DA:2432,1
DA:2434,1
DA:2435,1
DA:2436,1
DA:2437,2
DA:2438,2
DA:2439,1
DA:2440,1
DA:2441,2
DA:2442,3
DA:2443,1
DA:2444,2
DA:2445,2
DA:2446,1
DA:2447,1
DA:2448,1
DA:2449,1
DA:2450,2
DA:2451,3
DA:2452,1
DA:2453,2
DA:2454,2
DA:2458,1
DA:2459,1
DA:2461,1
DA:2462,1
DA:2463,1
DA:2465,1
DA:2466,1
DA:2467,1
DA:2468,2
DA:2469,1
DA:2470,1
DA:2472,1
DA:2473,1
DA:2474,1
DA:2476,1
DA:2477,1
DA:2479,1
DA:2480,0
DA:2481,0
DA:2483,0
DA:2484,0
DA:2486,1
DA:2487,0
DA:2488,0
DA:2490,0
DA:2491,0
DA:2493,1
DA:2494,0
DA:2495,0
DA:2497,0
DA:2498,0
DA:2500,1
DA:2501,0
DA:2502,0
DA:2504,0
DA:2505,0
DA:2507,1
DA:2508,1
DA:2509,1
DA:2511,1
DA:2512,1
DA:2513,1
DA:2514,2
DA:2515,1
DA:2516,1
DA:2519,5
DA:2520,1
DA:2521,2
DA:2522,4
DA:2523,2
DA:2524,1
DA:2525,1
DA:2528,2
DA:2529,1
DA:2530,1
DA:2531,1
DA:2532,2
DA:2533,0
DA:2535,1
DA:2536,1
DA:2537,1
DA:2538,2
DA:2540,1
DA:2541,2
DA:2542,4
DA:2544,0
DA:2545,0
DA:2546,0
DA:2547,0
DA:2549,1
DA:2554,1
DA:2555,3
DA:2556,1
DA:2558,1
DA:2559,1
DA:2560,2
DA:2561,1
DA:2562,1
DA:2563,1
DA:2564,2
DA:2565,0
DA:2566,0
DA:2567,0
DA:2568,0
DA:2570,1
DA:2575,1
DA:2576,3
DA:2577,1
DA:2580,1
DA:2581,1
DA:2582,2
DA:2583,1
DA:2584,2
DA:2585,2
DA:2586,1
DA:2587,1
DA:2588,1
DA:2589,1
DA:2590,2
DA:2592,0
DA:2593,0
DA:2594,0
DA:2595,0
DA:2597,1
DA:2602,0
DA:2605,0
DA:2606,0
DA:2607,0
DA:2608,0
DA:2609,0
DA:2610,0
DA:2615,0
DA:2617,0
DA:2618,0
DA:2619,0
DA:2620,0
DA:2621,0
DA:2622,0
DA:2623,0
DA:2624,0
DA:2625,0
DA:2626,0
DA:2627,0
DA:2628,0
DA:2629,0
DA:2630,0
DA:2631,0
DA:2632,0
DA:2633,0
DA:2634,0
DA:2635,0
DA:2636,0
DA:2637,0
DA:2638,0
DA:2639,0
DA:2640,0
DA:2641,0
DA:2642,0
DA:2643,0
DA:2644,0
DA:2645,0
DA:2646,0
DA:2647,0
DA:2648,0
DA:2649,0
DA:2650,0
DA:2651,0
DA:2652,0
DA:2653,0
DA:2654,0
DA:2655,0
DA:2656,0
DA:2657,0
DA:2658,0
DA:2663,0
DA:2665,0
DA:2666,0
DA:2667,0
DA:2668,0
DA:2673,0
DA:2675,0
DA:2676,0
DA:9585,4
DA:9590,0
DA:9591,0
DA:9592,1
DA:9593,1
DA:9594,0
DA:9596,0
DA:9598,0
DA:9601,0
DA:9603,0
DA:9606,1
DA:9608,1
DA:9609,1
DA:9611,0
DA:9618,0
DA:9619,0
DA:9620,0
DA:9621,0
DA:9622,0
DA:9624,0
DA:9626,0
DA:9629,0
DA:9631,0
DA:9634,0
DA:9636,0
DA:9637,0
DA:9639,0
DA:9646,0
DA:9647,0
DA:9648,0
DA:9649,0
DA:9650,0
DA:9652,0
DA:9654,0
DA:9657,0
DA:9659,0
DA:9662,0
DA:9664,0
DA:9665,0
DA:9667,0
DA:9677,0
DA:9678,0
DA:9679,0
DA:9680,0
DA:9681,0
DA:9682,0
DA:9683,0
DA:9684,1
DA:9685,1
DA:9686,0
DA:9688,0
DA:9690,0
DA:9693,0
DA:9695,0
DA:9698,1
DA:9700,1
DA:9701,1
DA:9703,0
DA:9709,1
DA:9710,1
DA:9711,0
DA:9714,1
DA:9716,1
DA:9721,1
DA:9722,1
DA:9723,0
DA:9726,1
DA:9728,1
DA:9733,1
DA:9734,1
DA:9735,0
DA:9738,1
DA:9740,1
DA:9745,0
DA:9746,0
DA:9747,0
DA:9750,0
DA:9752,0
DA:9759,0
DA:9760,0
DA:9761,0
DA:9762,0
DA:9763,1
DA:9764,1
DA:9765,0
DA:9767,0
DA:9769,0
DA:9772,0
DA:9774,0
DA:9777,1
DA:9779,1
DA:9780,1
DA:9782,0
DA:9788,1
DA:9789,1
DA:9790,0
DA:9793,1
DA:9795,1
DA:9802,0
DA:9803,0
DA:9804,0
DA:9805,0
DA:9806,1
DA:9807,1
DA:9808,0
DA:9810,0
DA:9812,0
DA:9815,0
DA:9817,0
DA:9820,0
DA:9822,0
DA:9823,0
DA:9825,0
DA:9833,0
DA:9834,0
DA:9835,0
DA:9836,0
DA:9837,1
DA:9838,1
DA:9839,0
DA:9841,0
DA:9843,0
DA:9846,0
DA:9848,0
DA:9851,0
DA:9853,0
DA:9854,0
DA:9856,0
DA:9864,0
DA:9865,0
DA:9866,0
DA:9867,0
DA:9868,1
DA:9869,1
DA:9870,0
DA:9872,0
DA:9874,0
DA:9877,0
DA:9879,0
DA:9882,0
DA:9884,0
DA:9885,0
DA:9887,0
DA:9893,1
DA:9894,1
DA:9895,0
DA:9898,1
DA:9900,1
DA:9907,0
DA:9908,0
DA:9909,0
DA:9910,0
DA:9911,1
DA:9912,1
DA:9913,0
DA:9915,0
DA:9917,0
DA:9920,0
DA:9922,0
DA:9925,0
DA:9927,0
DA:9928,0
DA:9930,0
DA:9936,1
DA:9937,1
DA:9938,0
DA:9941,1
DA:9943,1
DA:9950,0
DA:9951,0
DA:9952,0
DA:9953,0
DA:9954,1
DA:9955,1
DA:9956,0
DA:9958,0
DA:9960,0
DA:9963,0
DA:9965,0
DA:9968,0
DA:9970,0
DA:9971,0
DA:9973,0
DA:9981,0
DA:9982,0
DA:9983,0
DA:9984,0
DA:9985,1
DA:9986,1
DA:9987,0
DA:9989,0
DA:9991,0
DA:9994,0
DA:9996,0
DA:9999,0
DA:10001,0
DA:10002,0
DA:10004,0
DA:10010,0
DA:10011,0
DA:10012,0
DA:10013,0
DA:10014,0
DA:10015,0
DA:10016,1
DA:10017,1
DA:10019,0
DA:10021,0
DA:10024,0
DA:10026,0
DA:10029,1
DA:10031,1
DA:10032,1
DA:10034,0
DA:10042,0
DA:10043,0
DA:10044,0
DA:10045,0
DA:10046,0
DA:10047,0
DA:10048,0
DA:10049,0
DA:10050,0
DA:10051,0
DA:10052,0
DA:10053,0
DA:10054,0
DA:10055,0
DA:10056,1
DA:10057,1
DA:10059,0
DA:10061,0
DA:10064,0
DA:10066,0
DA:10069,1
DA:10071,1
DA:10072,1
DA:10074,0
DA:10082,0
DA:10083,0
DA:10084,0
DA:10085,0
DA:10086,0
DA:10087,0
DA:10088,0
DA:10089,0
DA:10091,0
DA:10093,0
DA:10096,0
DA:10098,0
DA:10101,0
DA:10103,0
DA:10104,0
DA:10106,0
DA:10113,0
DA:10114,0
DA:10115,0
DA:10116,0
DA:10117,0
DA:10118,0
DA:10119,0
DA:10120,0
DA:10122,0
DA:10124,0
DA:10127,0
DA:10129,0
DA:10132,0
DA:10134,0
DA:10135,0
DA:10137,0
DA:10154,0
DA:10155,0
DA:10156,0
DA:10157,0
DA:10158,0
DA:10159,0
DA:10160,0
DA:10161,0
DA:10162,0
DA:10163,0
DA:10164,0
DA:10165,0
DA:10166,0
DA:10167,0
DA:10168,0
DA:10169,0
DA:10170,0
DA:10171,0
DA:10172,0
DA:10173,0
DA:10174,0
DA:10175,0
DA:10176,0
DA:10177,0
DA:10178,0
DA:10179,0
DA:10180,0
DA:10181,0
DA:10182,0
DA:10183,0
DA:10184,0
DA:10185,0
DA:10186,0
DA:10187,0
DA:10188,1
DA:10189,1
DA:10191,0
DA:10193,0
DA:10196,0
DA:10198,0
DA:10201,1
DA:10203,1
DA:10204,1
DA:10206,0
DA:10214,0
DA:10215,0
DA:10216,0
DA:10217,0
DA:10218,0
DA:10219,0
DA:10220,0
DA:10221,0
DA:10223,0
DA:10225,0
DA:10226,0
DA:10229,0
DA:10231,0
DA:10232,0
DA:10235,0
DA:10237,0
DA:10238,0
DA:10240,0
DA:10259,0
DA:10260,0
DA:10261,0
DA:10262,0
DA:10263,0
DA:10264,0
DA:10265,0
DA:10266,0
DA:10267,0
DA:10268,0
DA:10269,0
DA:10270,0
DA:10271,0
DA:10272,0
DA:10273,0
DA:10274,0
DA:10275,0
DA:10276,0
DA:10277,0
DA:10278,0
DA:10279,0
DA:10280,0
DA:10281,0
DA:10282,0
DA:10283,0
DA:10284,0
DA:10285,0
DA:10286,0
DA:10287,0
DA:10288,0
DA:10289,0
DA:10290,0
DA:10291,0
DA:10292,0
DA:10293,0
DA:10294,0
DA:10295,0
DA:10296,0
DA:10297,0
DA:10298,0
DA:10299,0
DA:10300,0
DA:10301,0
DA:10302,0
DA:10304,0
DA:10306,0
DA:10309,0
DA:10311,0
DA:10314,0
DA:10316,0
DA:10317,0
DA:10319,0
DA:10325,0
DA:10326,0
DA:10327,0
DA:10328,0
DA:10330,0
DA:10332,0
DA:10335,0
DA:10337,0
DA:10340,0
DA:10342,0
DA:10343,0
DA:10345,0
DA:10353,0
DA:10354,0
DA:10355,0
DA:10356,0
DA:10357,0
DA:10358,0
DA:10359,0
DA:10360,0
DA:10361,0
DA:10362,0
DA:10364,0
DA:10366,0
DA:10369,0
DA:10371,0
DA:10374,0
DA:10376,0
DA:10377,0
DA:10379,0
DA:10387,0
DA:10388,0
DA:10389,0
DA:10390,0
DA:10391,0
DA:10392,0
DA:10394,0
DA:10396,0
DA:10399,0
DA:10401,0
DA:10404,0
DA:10406,0
DA:10407,0
DA:10409,0
DA:10416,0
DA:10417,0
DA:10418,0
DA:10419,0
DA:10420,0
DA:10421,0
DA:10422,0
DA:10423,1
DA:10424,1
DA:10426,0
DA:10428,0
DA:10431,0
DA:10433,0
DA:10436,1
DA:10438,1
DA:10439,1
DA:10441,0
DA:10448,0
DA:10449,1
DA:10450,1
DA:10452,0
DA:10454,0
DA:10457,0
DA:10459,0
DA:10462,1
DA:10464,1
DA:10465,1
DA:10467,0
DA:10476,0
DA:10477,0
DA:10478,0
DA:10479,0
DA:10480,0
DA:10481,0
DA:10482,0
DA:10483,0
DA:10484,0
DA:10485,0
DA:10486,0
DA:10487,0
DA:10488,0
DA:10489,0
DA:10490,0
DA:10491,0
DA:10493,0
DA:10495,0
DA:10498,0
DA:10500,0
DA:10503,0
DA:10505,0
DA:10506,0
DA:10508,0
DA:10516,0
DA:10517,0
DA:10518,0
DA:10519,0
DA:10520,0
DA:10521,0
DA:10523,0
DA:10525,0
DA:10528,0
DA:10530,0
DA:10533,0
DA:10535,0
DA:10536,0
DA:10538,0
DA:10546,0
DA:10547,0
DA:10548,0
DA:10549,0
DA:10550,0
DA:10551,0
DA:10553,0
DA:10555,0
DA:10558,0
DA:10560,0
DA:10563,0
DA:10565,0
DA:10566,0
DA:10568,0
DA:10576,0
DA:10577,0
DA:10578,0
DA:10579,0
DA:10580,1
DA:10581,1
DA:10583,0
DA:10585,0
DA:10588,0
DA:10590,0
DA:10593,1
DA:10595,1
DA:10596,1
DA:10598,0
DA:10606,0
DA:10607,0
DA:10608,0
DA:10609,0
DA:10610,0
DA:10611,0
DA:10613,0
DA:10615,0
DA:10618,0
DA:10620,0
DA:10623,0
DA:10625,0
DA:10626,0
DA:10628,0
DA:10636,0
DA:10637,0
DA:10638,0
DA:10639,0
DA:10640,0
DA:10641,0
DA:10643,0
DA:10645,0
DA:10648,0
DA:10650,0
DA:10653,0
DA:10655,0
DA:10656,0
DA:10658,0
DA:10665,0
DA:10666,0
DA:10667,0
DA:10668,0
DA:10669,0
DA:10670,0
DA:10671,0
DA:10672,0
DA:10674,0
DA:10676,0
DA:10679,0
DA:10681,0
DA:10684,0
DA:10686,0
DA:10687,0
DA:10689,0
DA:10697,0
DA:10698,0
DA:10699,0
DA:10700,0
DA:10701,0
DA:10702,0
DA:10704,0
DA:10706,0
DA:10709,0
DA:10711,0
DA:10714,0
DA:10716,0
DA:10717,0
DA:10719,0
DA:10726,0
DA:10727,0
DA:10728,0
DA:10729,0
DA:10731,0
DA:10733,0
DA:10736,0
DA:10738,0
DA:10741,0
DA:10743,0
DA:10744,0
DA:10746,0
DA:10754,0
DA:10755,0
DA:10756,0
DA:10757,0
DA:10758,0
DA:10759,0
DA:10760,0
DA:10761,0
DA:10762,0
DA:10763,0
DA:10764,1
DA:10765,1
DA:10767,0
DA:10769,0
DA:10772,0
DA:10774,0
DA:10777,1
DA:10779,1
DA:10780,1
DA:10782,0
DA:10791,0
DA:10792,0
DA:10793,0
DA:10794,0
DA:10795,0
DA:10796,0
DA:10797,0
DA:10798,0
DA:10799,0
DA:10800,0
DA:10801,0
DA:10802,0
DA:10803,0
DA:10804,0
DA:10805,0
DA:10806,0
DA:10807,0
DA:10809,0
DA:10811,0
DA:10814,0
DA:10816,0
DA:10819,0
DA:10821,0
DA:10822,0
DA:10824,0
DA:10835,0
DA:10836,0
DA:10837,0
DA:10838,0
DA:10839,0
DA:10840,0
DA:10841,0
DA:10842,0
DA:10843,0
DA:10844,0
DA:10845,0
DA:10846,0
DA:10847,0
DA:10848,0
DA:10849,0
DA:10850,0
DA:10851,0
DA:10852,0
DA:10853,0
DA:10854,0
DA:10855,0
DA:10856,0
DA:10858,0
DA:10860,0
DA:10863,0
DA:10865,0
DA:10868,0
DA:10870,0
DA:10871,0
DA:10873,0
DA:10880,0
DA:10881,0
DA:10882,0
DA:10883,0
DA:10884,0
DA:10885,0
DA:10886,0
DA:10887,1
DA:10888,1
DA:10890,0
DA:10892,0
DA:10895,0
DA:10897,0
DA:10900,1
DA:10902,1
DA:10903,1
DA:10905,0
DA:10912,0
DA:10913,0
DA:10914,0
DA:10915,1
DA:10916,1
DA:10918,0
DA:10920,0
DA:10921,0
DA:10924,0
DA:10926,0
DA:10927,0
DA:10930,1
DA:10932,1
DA:10933,1
DA:10935,0
DA:10943,0
DA:10944,0
DA:10945,0
DA:10946,0
DA:10947,0
DA:10948,0
DA:10950,0
DA:10952,0
DA:10955,0
DA:10957,0
DA:10960,0
DA:10962,0
DA:10963,0
DA:10965,0
DA:10971,0
DA:10972,0
DA:10973,1
DA:10974,1
DA:10976,0
DA:10978,0
DA:10981,0
DA:10983,0
DA:10986,1
DA:10988,1
DA:10989,1
DA:10991,0
DA:10999,0
DA:11000,0
DA:11001,0
DA:11002,0
DA:11003,0
DA:11004,0
DA:11006,0
DA:11008,0
DA:11011,0
DA:11013,0
DA:11016,0
DA:11018,0
DA:11019,0
DA:11021,0
DA:11027,0
DA:11028,0
DA:11029,1
DA:11030,1
DA:11032,0
DA:11034,0
DA:11037,0
DA:11039,0
DA:11042,1
DA:11044,1
DA:11045,1
DA:11047,0
DA:11056,0
DA:11057,0
DA:11058,0
DA:11059,0
DA:11060,0
DA:11061,0
DA:11062,0
DA:11063,0
DA:11064,0
DA:11065,0
DA:11066,0
DA:11067,0
DA:11068,0
DA:11069,0
DA:11070,0
DA:11071,0
DA:11072,0
DA:11073,0
DA:11074,0
DA:11075,0
DA:11076,0
DA:11077,1
DA:11078,1
DA:11080,0
DA:11082,0
DA:11085,0
DA:11087,0
DA:11090,1
DA:11092,1
DA:11093,1
DA:11095,0
DA:11102,0
DA:11103,1
DA:11104,1
DA:11106,0
DA:11108,0
DA:11111,0
DA:11113,0
DA:11116,1
DA:11118,1
DA:11119,1
DA:11121,0
DA:11129,0
DA:11130,0
DA:11131,0
DA:11132,0
DA:11133,0
DA:11134,0
DA:11135,0
DA:11136,0
DA:11137,1
DA:11138,1
DA:11140,0
DA:11142,0
DA:11145,0
DA:11147,0
DA:11150,1
DA:11152,1
DA:11153,1
DA:11155,0
DA:11161,0
DA:11162,0
DA:11163,1
DA:11164,1
DA:11166,0
DA:11168,0
DA:11171,0
DA:11173,0
DA:11176,1
DA:11178,1
DA:11179,1
DA:11181,0
DA:11189,0
DA:11190,0
DA:11191,0
DA:11192,0
DA:11193,0
DA:11194,0
DA:11196,0
DA:11198,0
DA:11201,0
DA:11203,0
DA:11206,0
DA:11208,0
DA:11209,0
DA:11211,0
DA:11219,0
DA:11220,0
DA:11221,0
DA:11222,0
DA:11223,0
DA:11224,0
DA:11225,0
DA:11227,0
DA:11229,0
DA:11232,0
DA:11234,0
DA:11237,0
DA:11239,0
DA:11240,0
DA:11242,0
DA:11251,0
DA:11252,0
DA:11253,0
DA:11254,0
DA:11255,0
DA:11256,0
DA:11257,0
DA:11258,0
DA:11259,1
DA:11260,1
DA:11262,0
DA:11264,0
DA:11267,0
DA:11269,0
DA:11272,1
DA:11274,1
DA:11275,1
DA:11277,0
DA:11286,0
DA:11287,0
DA:11288,0
DA:11289,0
DA:11290,0
DA:11291,0
DA:11292,0
DA:11293,0
DA:11294,0
DA:11295,0
DA:11296,1
DA:11297,1
DA:11299,0
DA:11301,0
DA:11304,0
DA:11306,0
DA:11309,1
DA:11311,1
DA:11312,1
DA:11314,0
DA:11321,0
DA:11322,0
DA:11323,0
DA:11324,0
DA:11325,0
DA:11327,0
DA:11329,0
DA:11332,0
DA:11334,0
DA:11337,0
DA:11339,0
DA:11340,0
DA:11342,0
DA:11349,0
DA:11350,0
DA:11351,0
DA:11352,0
DA:11353,0
DA:11354,0
DA:11355,0
DA:11356,1
DA:11357,1
DA:11359,0
DA:11361,0
DA:11364,0
DA:11366,0
DA:11369,1
DA:11371,1
DA:11372,1
DA:11374,0
DA:11380,0
DA:11381,0
DA:11382,0
DA:11384,0
DA:11386,0
DA:11389,0
DA:11391,0
DA:11394,0
DA:11396,0
DA:11397,0
DA:11399,0
DA:11407,0
DA:11408,0
DA:11409,0
DA:11410,0
DA:11411,0
DA:11412,0
DA:11414,0
DA:11416,0
DA:11419,0
DA:11421,0
DA:11424,0
DA:11426,0
DA:11427,0
DA:11429,0
DA:11436,0
DA:11437,0
DA:11438,0
DA:11439,0
DA:11440,0
DA:11441,0
DA:11442,0
DA:11443,1
DA:11444,1
DA:11446,0
DA:11448,0
DA:11451,0
DA:11453,0
DA:11456,1
DA:11458,1
DA:11459,1
DA:11461,0
DA:11468,0
DA:11469,0
DA:11470,0
DA:11471,0
DA:11472,0
DA:11473,0
DA:11474,0
DA:11475,1
DA:11476,1
DA:11478,0
DA:11480,0
DA:11483,0
DA:11485,0
DA:11488,1
DA:11490,1
DA:11491,1
DA:11493,0
DA:11501,0
DA:11502,0
DA:11503,0
DA:11504,0
DA:11505,0
DA:11506,0
DA:11508,0
DA:11510,0
DA:11511,0
DA:11514,0
DA:11516,0
DA:11519,0
DA:11521,0
DA:11522,0
DA:11524,0
DA:11531,0
DA:11532,0
DA:11533,0
DA:11534,0
DA:11535,0
DA:11536,0
DA:11537,0
DA:11538,1
DA:11539,1
DA:11541,0
DA:11543,0
DA:11546,0
DA:11548,0
DA:11551,1
DA:11553,1
DA:11554,1
DA:11556,0
DA:11565,0
DA:11566,0
DA:11567,0
DA:11568,0
DA:11569,0
DA:11570,0
DA:11571,0
DA:11572,0
DA:11573,0
DA:11574,0
DA:11575,0
DA:11576,0
DA:11577,0
DA:11578,1
DA:11579,1
DA:11581,0
DA:11583,0
DA:11586,0
DA:11588,0
DA:11591,1
DA:11593,1
DA:11594,1
DA:11596,0
DA:11603,0
DA:11604,0
DA:11605,0
DA:11606,0
DA:11607,0
DA:11608,0
DA:11609,0
DA:11610,0
DA:11611,0
DA:11613,0
DA:11615,0
DA:11618,0
DA:11620,0
DA:11623,0
DA:11625,0
DA:11626,0
DA:11628,0
DA:11635,0
DA:11636,0
DA:11637,0
DA:11638,0
DA:11639,0
DA:11640,1
DA:11641,1
DA:11643,0
DA:11645,0
DA:11648,0
DA:11650,0
DA:11653,1
DA:11655,1
DA:11656,1
DA:11658,0
DA:11665,0
DA:11666,0
DA:11667,0
DA:11668,0
DA:11669,0
DA:11670,0
DA:11671,0
DA:11672,1
DA:11673,1
DA:11675,0
DA:11677,0
DA:11680,0
DA:11682,0
DA:11685,1
DA:11687,1
DA:11688,1
DA:11690,0
DA:11698,0
DA:11699,0
DA:11700,0
DA:11701,0
DA:11702,0
DA:11703,0
DA:11704,0
DA:11705,0
DA:11706,0
DA:11707,0
DA:11708,1
DA:11709,1
DA:11711,0
DA:11713,0
DA:11716,0
DA:11718,0
DA:11721,1
DA:11723,1
DA:11724,1
DA:11726,0
DA:11734,0
DA:11735,0
DA:11736,0
DA:11737,0
DA:11738,0
DA:11739,0
DA:11741,0
DA:11743,0
DA:11746,0
DA:11748,0
DA:11751,0
DA:11753,0
DA:11754,0
DA:11756,0
DA:11765,0
DA:11766,0
DA:11767,0
DA:11768,0
DA:11769,0
DA:11770,0
DA:11771,0
DA:11772,0
DA:11773,0
DA:11774,0
DA:11775,0
DA:11776,0
DA:11777,0
DA:11779,0
DA:11781,0
DA:11784,0
DA:11786,0
DA:11789,0
DA:11791,0
DA:11792,0
DA:11794,0
DA:11803,0
DA:11804,0
DA:11805,0
DA:11806,0
DA:11807,0
DA:11808,0
DA:11809,0
DA:11810,0
DA:11811,0
DA:11812,0
DA:11813,0
DA:11814,0
DA:11815,0
DA:11816,1
DA:11817,1
DA:11819,0
DA:11821,0
DA:11824,0
DA:11826,0
DA:11829,1
DA:11831,1
DA:11832,1
DA:11834,0
DA:11842,0
DA:11843,0
DA:11844,0
DA:11845,0
DA:11846,0
DA:11847,0
DA:11849,0
DA:11851,0
DA:11854,0
DA:11856,0
DA:11859,0
DA:11861,0
DA:11862,0
DA:11864,0
DA:11872,0
DA:11873,0
DA:11874,0
DA:11875,0
DA:11876,0
DA:11877,0
DA:11878,0
DA:11879,0
DA:11880,0
DA:11881,0
DA:11882,0
DA:11883,0
DA:11884,0
DA:11885,0
DA:11886,0
DA:11888,0
DA:11890,0
DA:11893,0
DA:11895,0
DA:11898,0
DA:11900,0
DA:11901,0
DA:11903,0
DA:11910,0
DA:11911,0
DA:11912,0
DA:11913,0
DA:11914,0
DA:11915,0
DA:11916,0
DA:11917,0
DA:11918,0
DA:11920,0
DA:11922,0
DA:11925,0
DA:11927,0
DA:11930,0
DA:11932,0
DA:11933,0
DA:11935,0
DA:11943,0
DA:11944,0
DA:11945,0
DA:11946,0
DA:11947,1
DA:11948,1
DA:11950,0
DA:11952,0
DA:11955,0
DA:11957,0
DA:11960,1
DA:11962,1
DA:11963,1
DA:11965,0
DA:11974,0
DA:11975,0
DA:11976,0
DA:11977,0
DA:11978,0
DA:11979,0
DA:11980,0
DA:11981,0
DA:11982,0
DA:11983,0
DA:11984,0
DA:11985,0
DA:11986,1
DA:11987,1
DA:11989,0
DA:11991,0
DA:11994,0
DA:11996,0
DA:11999,1
DA:12001,1
DA:12002,1
DA:12004,0
DA:12012,0
DA:12013,0
DA:12014,0
DA:12015,0
DA:12016,0
DA:12017,0
DA:12018,0
DA:12019,0
DA:12020,0
DA:12021,0
DA:12023,0
DA:12025,0
DA:12028,0
DA:12030,0
DA:12033,0
DA:12035,0
DA:12036,0
DA:12038,0
DA:12045,0
DA:12046,0
DA:12047,0
DA:12048,0
DA:12050,0
DA:12052,0
DA:12055,0
DA:12057,0
DA:12060,0
DA:12062,0
DA:12063,0
DA:12065,0
DA:12073,0
DA:12074,0
DA:12075,0
DA:12076,0
DA:12077,1
DA:12078,1
DA:12080,0
DA:12082,0
DA:12085,0
DA:12087,0
DA:12090,1
DA:12092,1
DA:12093,1
DA:12095,0
DA:12102,0
DA:12103,0
DA:12104,0
DA:12105,0
DA:12106,0
DA:12107,0
DA:12108,0
DA:12109,1
DA:12110,1
DA:12112,0
DA:12114,0
DA:12117,0
DA:12119,0
DA:12122,1
DA:12124,1
DA:12125,1
DA:12127,0
DA:12136,0
DA:12137,0
DA:12138,0
DA:12139,0
DA:12140,0
DA:12141,0
DA:12142,0
DA:12143,0
DA:12144,0
DA:12145,0
DA:12146,0
DA:12147,0
DA:12148,0
DA:12149,1
DA:12150,1
DA:12152,0
DA:12154,0
DA:12157,0
DA:12159,0
DA:12162,1
DA:12164,1
DA:12165,1
DA:12167,0
DA:12175,0
DA:12176,0
DA:12177,0
DA:12178,0
DA:12179,0
DA:12181,0
DA:12183,0
DA:12186,0
DA:12188,0
DA:12191,0
DA:12193,0
DA:12194,0
DA:12196,0
DA:12204,0
DA:12205,0
DA:12206,0
DA:12207,0
DA:12208,0
DA:12209,0
DA:12210,0
DA:12211,0
DA:12212,0
DA:12213,0
DA:12214,1
DA:12215,1
DA:12217,0
DA:12219,0
DA:12222,0
DA:12224,0
DA:12227,1
DA:12229,1
DA:12230,1
DA:12232,0
DA:12240,0
DA:12241,0
DA:12242,0
DA:12243,0
DA:12244,0
DA:12245,0
DA:12246,0
DA:12247,0
DA:12248,0
DA:12249,0
DA:12250,1
DA:12251,1
DA:12253,0
DA:12255,0
DA:12258,0
DA:12260,0
DA:12263,1
DA:12265,1
DA:12266,1
DA:12268,0
DA:12276,0
DA:12277,0
DA:12278,0
DA:12279,0
DA:12280,0
DA:12281,0
DA:12282,0
DA:12283,0
DA:12284,0
DA:12285,0
DA:12286,1
DA:12287,1
DA:12289,0
DA:12291,0
DA:12294,0
DA:12296,0
DA:12299,1
DA:12301,1
DA:12302,1
DA:12304,0
DA:12312,0
DA:12313,0
DA:12314,0
DA:12315,0
DA:12316,0
DA:12317,0
DA:12318,0
DA:12319,0
DA:12320,0
DA:12321,0
DA:12322,1
DA:12323,1
DA:12325,0
DA:12327,0
DA:12330,0
DA:12332,0
DA:12335,1
DA:12337,1
DA:12338,1
DA:12340,0
DA:12348,0
DA:12349,0
DA:12350,0
DA:12351,0
DA:12352,0
DA:12353,0
DA:12354,0
DA:12355,0
DA:12356,0
DA:12357,0
DA:12358,1
DA:12359,1
DA:12361,0
DA:12363,0
DA:12366,0
DA:12368,0
DA:12371,1
DA:12373,1
DA:12374,1
DA:12376,0
DA:12384,0
DA:12385,0
DA:12386,0
DA:12387,0
DA:12388,0
DA:12389,0
DA:12390,0
DA:12391,0
DA:12392,0
DA:12393,0
DA:12394,0
DA:12395,0
DA:12396,1
DA:12397,1
DA:12399,0
DA:12401,0
DA:12404,0
DA:12406,0
DA:12409,1
DA:12411,1
DA:12412,1
DA:12414,0
DA:12422,0
DA:12423,0
DA:12424,0
DA:12425,0
DA:12426,0
DA:12427,0
DA:12428,0
DA:12429,0
DA:12430,1
DA:12431,1
DA:12433,0
DA:12435,0
DA:12438,0
DA:12440,0
DA:12443,1
DA:12445,1
DA:12446,1
DA:12448,0
DA:12456,0
DA:12457,0
DA:12458,0
DA:12459,0
DA:12460,1
DA:12461,1
DA:12463,0
DA:12465,0
DA:12468,0
DA:12470,0
DA:12473,1
DA:12475,1
DA:12476,1
DA:12478,0
DA:12485,0
DA:12486,1
DA:12487,1
DA:12489,0
DA:12491,0
DA:12494,0
DA:12496,0
DA:12499,1
DA:12501,1
DA:12502,1
DA:12504,0
DA:12511,0
DA:12512,0
DA:12513,0
DA:12514,0
DA:12515,0
DA:12516,0
DA:12517,0
DA:12518,1
DA:12519,1
DA:12521,0
DA:12523,0
DA:12526,0
DA:12528,0
DA:12531,1
DA:12533,1
DA:12534,1
DA:12536,0
DA:12542,0
DA:12543,0
DA:12544,1
DA:12545,1
DA:12547,0
DA:12549,0
DA:12552,0
DA:12554,0
DA:12557,1
DA:12559,1
DA:12560,1
DA:12562,0
DA:12569,0
DA:12570,0
DA:12571,0
DA:12572,0
DA:12573,0
DA:12574,0
DA:12575,0
DA:12576,1
DA:12577,1
DA:12579,0
DA:12581,0
DA:12584,0
DA:12586,0
DA:12589,1
DA:12591,1
DA:12592,1
DA:12594,0
DA:12601,0
DA:12602,1
DA:12603,1
DA:12605,0
DA:12607,0
DA:12610,0
DA:12612,0
DA:12615,1
DA:12617,1
DA:12618,1
DA:12620,0
DA:12627,0
DA:12628,0
DA:12629,0
DA:12630,0
DA:12631,0
DA:12632,1
DA:12633,1
DA:12635,0
DA:12637,0
DA:12638,0
DA:12641,0
DA:12643,0
DA:12644,0
DA:12647,1
DA:12649,1
DA:12650,1
DA:12652,0
DA:12659,0
DA:12660,0
DA:12661,0
DA:12662,0
DA:12663,0
DA:12664,0
DA:12665,0
DA:12666,1
DA:12667,1
DA:12669,0
DA:12671,0
DA:12674,0
DA:12676,0
DA:12679,1
DA:12681,1
DA:12682,1
DA:12684,0
DA:12690,0
DA:12691,0
DA:12692,1
DA:12693,1
DA:12695,0
DA:12697,0
DA:12700,0
DA:12702,0
DA:12705,1
DA:12707,1
DA:12708,1
DA:12710,0
DA:12716,0
DA:12717,0
DA:12718,1
DA:12719,1
DA:12721,0
DA:12723,0
DA:12726,0
DA:12728,0
DA:12731,1
DA:12733,1
DA:12734,1
DA:12736,0
DA:12744,0
DA:12745,0
DA:12746,0
DA:12747,0
DA:12748,0
DA:12749,0
DA:12750,0
DA:12752,0
DA:12754,0
DA:12757,0
DA:12759,0
DA:12762,0
DA:12764,0
DA:12765,0
DA:12767,0
DA:12775,0
DA:12776,0
DA:12777,0
DA:12778,0
DA:12779,0
DA:12780,0
DA:12781,0
DA:12782,0
DA:12783,0
DA:12784,0
DA:12785,1
DA:12786,1
DA:12788,0
DA:12790,0
DA:12793,0
DA:12795,0
DA:12798,1
DA:12800,1
DA:12801,1
DA:12803,0
DA:12809,0
DA:12810,0
DA:12811,0
DA:12813,0
DA:12815,0
DA:12818,0
DA:12820,0
DA:12823,0
DA:12825,0
DA:12826,0
DA:12828,0
DA:12834,0
DA:12835,0
DA:12836,1
DA:12837,1
DA:12839,0
DA:12841,0
DA:12844,0
DA:12846,0
DA:12849,1
DA:12851,1
DA:12852,1
DA:12854,0
DA:12861,0
DA:12862,0
DA:12863,0
DA:12864,0
DA:12866,0
DA:12868,0
DA:12871,0
DA:12873,0
DA:12876,0
DA:12878,0
DA:12879,0
DA:12881,0
DA:12889,0
DA:12890,0
DA:12891,0
DA:12892,0
DA:12893,0
DA:12894,0
DA:12895,0
DA:12896,0
DA:12898,0
DA:12900,0
DA:12903,0
DA:12905,0
DA:12908,0
DA:12910,0
DA:12911,0
DA:12913,0
DA:12919,0
DA:12920,0
DA:12921,0
DA:12923,0
DA:12925,0
DA:12928,0
DA:12930,0
DA:12933,0
DA:12935,0
DA:12936,0
DA:12938,0
DA:12946,0
DA:12947,0
DA:12948,0
DA:12949,0
DA:12950,1
DA:12951,1
DA:12953,0
DA:12955,0
DA:12958,0
DA:12960,0
DA:12963,1
DA:12965,1
DA:12966,1
DA:12968,0
DA:12975,0
DA:12976,0
DA:12977,0
DA:12979,0
DA:12981,0
DA:12984,0
DA:12986,0
DA:12989,0
DA:12991,0
DA:12992,0
DA:12994,0
DA:13002,0
DA:13003,0
DA:13004,0
DA:13005,0
DA:13006,0
DA:13007,0
DA:13008,0
DA:13009,0
DA:13010,0
DA:13011,0
DA:13012,0
DA:13013,0
DA:13014,1
DA:13015,1
DA:13017,0
DA:13019,0
DA:13022,0
DA:13024,0
DA:13027,1
DA:13029,1
DA:13030,1
DA:13032,0
DA:13038,0
DA:13039,0
DA:13040,1
DA:13041,1
DA:13043,0
DA:13045,0
DA:13048,0
DA:13050,0
DA:13053,1
DA:13055,1
DA:13056,1
DA:13058,0
DA:13064,0
DA:13065,0
DA:13066,1
DA:13067,1
DA:13069,0
DA:13071,0
DA:13074,0
DA:13076,0
DA:13079,1
DA:13081,1
DA:13082,1
DA:13084,0
DA:13090,0
DA:13091,0
DA:13092,0
DA:13094,0
DA:13096,0
DA:13099,0
DA:13101,0
DA:13104,0
DA:13106,0
DA:13107,0
DA:13109,0
DA:13116,0
DA:13117,0
DA:13118,0
DA:13119,0
DA:13120,0
DA:13121,1
DA:13122,1
DA:13124,0
DA:13126,0
DA:13129,0
DA:13131,0
DA:13134,1
DA:13136,1
DA:13137,1
DA:13139,0
DA:13148,0
DA:13149,0
DA:13150,0
DA:13151,0
DA:13152,0
DA:13153,0
DA:13154,0
DA:13155,0
DA:13156,0
DA:13157,0
DA:13158,0
DA:13159,0
DA:13160,0
DA:13161,0
DA:13162,1
DA:13163,1
DA:13165,0
DA:13167,0
DA:13170,0
DA:13172,0
DA:13175,1
DA:13177,1
DA:13178,1
DA:13180,0
DA:13189,0
DA:13190,0
DA:13191,0
DA:13192,0
DA:13193,0
DA:13194,0
DA:13195,0
DA:13196,0
DA:13197,0
DA:13198,0
DA:13200,0
DA:13202,0
DA:13205,0
DA:13207,0
DA:13210,0
DA:13212,0
DA:13213,0
DA:13215,0
DA:13223,0
DA:13224,0
DA:13225,0
DA:13226,0
DA:13227,0
DA:13228,0
DA:13229,0
DA:13230,0
DA:13231,0
DA:13232,0
DA:13233,0
DA:13234,0
DA:13235,1
DA:13236,1
DA:13238,0
DA:13240,0
DA:13243,0
DA:13245,0
DA:13248,1
DA:13250,1
DA:13251,1
DA:13253,0
DA:13260,0
DA:13261,0
DA:13262,0
DA:13263,0
DA:13264,0
DA:13265,1
DA:13266,1
DA:13268,0
DA:13270,0
DA:13273,0
DA:13275,0
DA:13278,1
DA:13280,1
DA:13281,1
DA:13283,0
LF:3827
LH:1472
end_of_record
SF:/Users/nikitamorozov/edu_itmo/languege_design/satchel/lib/src/antlr/StellaParserBaseListener.dart
DA:13,0
DA:17,0
DA:21,0
DA:25,0
DA:29,0
DA:33,0
DA:37,0
DA:41,0
DA:45,0
DA:49,0
DA:53,0
DA:57,0
DA:61,0
DA:65,0
DA:69,0
DA:73,0
DA:77,0
DA:81,0
DA:85,0
DA:89,0
DA:93,0
DA:97,0
DA:101,0
DA:105,0
DA:109,0
DA:113,0
DA:117,0
DA:121,0
DA:125,0
DA:129,0
DA:133,0
DA:137,0
DA:141,0
DA:145,0
DA:149,0
DA:153,0
DA:157,0
DA:161,0
DA:165,0
DA:169,0
DA:173,0
DA:177,0
DA:181,0
DA:185,0
DA:189,0
DA:193,0
DA:197,0
DA:201,0
DA:205,0
DA:209,0
DA:213,0
DA:217,0
DA:221,0
DA:225,0
DA:229,0
DA:233,0
DA:237,0
DA:241,0
DA:245,0
DA:249,0
DA:253,0
DA:257,0
DA:261,0
DA:265,0
DA:269,0
DA:273,0
DA:277,0
DA:281,0
DA:285,0
DA:289,0
DA:293,0
DA:297,0
DA:301,0
DA:305,0
DA:309,0
DA:313,0
DA:317,0
DA:321,0
DA:325,0
DA:329,0
DA:333,0
DA:337,0
DA:341,0
DA:345,0
DA:349,0
DA:353,0
DA:357,0
DA:361,0
DA:365,0
DA:369,0
DA:373,0
DA:377,0
DA:381,0
DA:385,0
DA:389,0
DA:393,0
DA:397,0
DA:401,0
DA:405,0
DA:409,0
DA:413,0
DA:417,0
DA:421,0
DA:425,0
DA:429,0
DA:433,0
DA:437,0
DA:441,0
DA:445,0
DA:449,0
DA:453,0
DA:457,0
DA:461,0
DA:465,0
DA:469,0
DA:473,0
DA:477,0
DA:481,0
DA:485,0
DA:489,0
DA:493,0
DA:497,0
DA:501,0
DA:505,0
DA:509,0
DA:513,0
DA:517,0
DA:521,0
DA:525,0
DA:529,0
DA:533,0
DA:537,0
DA:541,0
DA:545,0
DA:549,0
DA:553,0
DA:557,0
DA:561,0
DA:565,0
DA:569,0
DA:573,0
DA:577,0
DA:581,0
DA:585,0
DA:589,0
DA:593,0
DA:597,0
DA:601,0
DA:605,0
DA:609,0
DA:613,0
DA:617,0
DA:621,0
DA:625,0
DA:629,0
DA:633,0
DA:637,0
DA:641,0
DA:645,0
DA:649,0
DA:653,0
DA:657,0
DA:661,0
DA:665,0
DA:669,0
DA:673,0
DA:677,0
DA:681,0
DA:685,0
DA:689,0
DA:693,0
DA:697,0
DA:701,0
DA:705,0
DA:709,0
DA:713,0
DA:717,0
DA:721,0
DA:725,0
DA:729,0
DA:733,0
DA:737,0
DA:741,0
DA:745,0
DA:749,0
DA:753,0
DA:757,0
DA:761,0
DA:765,0
DA:769,0
DA:773,0
DA:777,0
DA:781,0
DA:785,0
DA:789,0
DA:793,0
DA:797,0
DA:801,0
DA:805,0
DA:809,0
DA:813,0
DA:817,0
DA:821,0
DA:825,0
DA:829,0
DA:833,0
DA:837,0
DA:841,0
DA:845,0
DA:849,0
DA:853,0
DA:857,0
DA:861,0
DA:865,0
DA:869,0
DA:873,0
DA:877,0
DA:881,0
DA:885,0
DA:889,0
DA:893,0
DA:897,0
DA:901,0
DA:905,0
DA:909,0
DA:913,0
LF:226
LH:0
end_of_record
SF:/Users/nikitamorozov/edu_itmo/languege_design/satchel/lib/src/antlr/StellaParserBaseVisitor.dart
DA:18,1
DA:19,1
DA:23,0
DA:24,0
DA:28,0
DA:29,0
DA:33,1
DA:34,1
DA:38,1
DA:39,1
DA:43,1
DA:44,1
DA:48,0
DA:49,0
DA:53,0
DA:54,0
DA:58,0
DA:59,0
DA:63,0
DA:64,0
DA:68,0
DA:70,0
DA:74,0
DA:75,0
DA:79,1
DA:80,1
DA:84,0
DA:85,0
DA:89,0
DA:90,0
DA:94,0
DA:95,0
DA:99,0
DA:100,0
DA:104,0
DA:105,0
DA:109,0
DA:110,0
DA:114,0
DA:115,0
DA:119,0
DA:120,0
DA:124,0
DA:125,0
DA:129,0
DA:130,0
DA:134,0
DA:135,0
DA:139,0
DA:140,0
DA:144,0
DA:145,0
DA:149,0
DA:150,0
DA:154,0
DA:155,0
DA:159,0
DA:160,0
DA:164,0
DA:165,0
DA:169,1
DA:171,1
DA:175,0
DA:176,0
DA:180,0
DA:181,0
DA:185,0
DA:186,0
DA:190,0
DA:191,0
DA:195,0
DA:196,0
DA:200,0
DA:201,0
DA:205,0
DA:206,0
DA:210,0
DA:211,0
DA:215,0
DA:216,0
DA:220,0
DA:221,0
DA:225,0
DA:226,0
DA:230,0
DA:231,0
DA:235,0
DA:236,0
DA:240,0
DA:241,0
DA:245,0
DA:246,0
DA:250,0
DA:251,0
DA:255,0
DA:256,0
DA:260,0
DA:261,0
DA:265,0
DA:267,0
DA:271,0
DA:272,0
DA:276,0
DA:277,0
DA:281,0
DA:282,0
DA:286,0
DA:287,0
DA:291,0
DA:292,0
DA:296,0
DA:297,0
DA:301,0
DA:302,0
DA:306,0
DA:307,0
DA:311,0
DA:312,0
DA:316,0
DA:317,0
DA:321,0
DA:322,0
DA:326,0
DA:327,0
DA:331,0
DA:332,0
DA:336,0
DA:337,0
DA:341,0
DA:342,0
DA:346,0
DA:347,0
DA:351,0
DA:352,0
DA:356,0
DA:357,0
DA:361,0
DA:362,0
DA:366,0
DA:367,0
DA:371,0
DA:372,0
DA:376,0
DA:377,0
DA:381,0
DA:382,0
DA:386,0
DA:387,0
DA:391,0
DA:392,0
DA:396,0
DA:397,0
DA:401,0
DA:402,0
DA:406,0
DA:407,0
DA:411,0
DA:412,0
DA:416,0
DA:417,0
DA:421,0
DA:422,0
DA:426,0
DA:427,0
DA:431,0
DA:432,0
DA:436,0
DA:437,0
DA:441,0
DA:442,0
DA:446,0
DA:447,0
DA:451,0
DA:453,0
DA:457,0
DA:458,0
DA:462,0
DA:463,0
DA:467,0
DA:468,0
DA:472,0
DA:473,0
DA:477,0
DA:478,0
DA:482,0
DA:483,0
DA:487,0
DA:488,0
DA:492,0
DA:493,0
DA:497,0
DA:498,0
DA:502,0
DA:503,0
DA:507,0
DA:508,0
DA:512,0
DA:513,0
DA:517,0
DA:518,0
DA:522,0
DA:523,0
DA:527,0
DA:528,0
DA:532,0
DA:533,0
DA:537,0
DA:538,0
DA:542,1
DA:543,1
DA:547,0
DA:548,0
DA:552,0
DA:553,0
DA:557,0
DA:558,0
DA:562,0
DA:563,0
DA:567,0
DA:568,0
DA:572,0
DA:573,0
LF:222
LH:14
end_of_record
SF:/Users/nikitamorozov/edu_itmo/languege_design/satchel/lib/src/type_checker/model/stella_patterns.dart
DA:32,4
DA:37,1
DA:42,1
DA:45,1
DA:48,1
DA:49,3
DA:50,3
DA:52,1
DA:53,2
DA:55,1
DA:56,2
DA:64,1
DA:66,1
DA:69,1
DA:72,0
DA:75,0
DA:76,0
DA:77,0
DA:79,0
DA:80,0
DA:82,0
DA:87,1
DA:90,0
DA:93,0
DA:96,0
DA:98,0
DA:101,0
DA:116,1
DA:118,1
DA:121,1
DA:124,0
DA:127,0
DA:128,0
DA:129,0
DA:131,1
DA:132,2
DA:134,1
DA:135,1
DA:137,0
DA:140,0
DA:147,1
DA:149,1
DA:150,2
DA:152,1
DA:155,0
DA:158,0
DA:159,0
DA:160,0
DA:162,0
DA:163,0
DA:165,1
DA:167,1
DA:168,1
DA:169,0
DA:173,1
DA:175,1
DA:176,2
DA:179,0
DA:188,1
DA:190,1
DA:191,2
DA:193,1
DA:196,0
DA:199,0
DA:200,0
DA:201,0
DA:203,0
DA:204,0
DA:206,0
DA:213,1
DA:215,1
DA:216,2
DA:218,1
DA:221,0
DA:224,0
DA:225,0
DA:226,0
DA:228,0
DA:229,0
DA:231,0
DA:236,1
DA:237,1
DA:238,1
DA:239,3
DA:242,1
DA:251,1
DA:253,1
DA:254,4
DA:256,0
DA:259,0
DA:260,0
DA:261,0
DA:263,0
DA:264,0
DA:266,0
DA:278,1
DA:280,1
DA:281,3
DA:282,1
DA:283,3
DA:286,1
DA:287,5
DA:289,0
DA:292,0
DA:293,0
DA:294,0
DA:296,0
DA:297,0
DA:299,0
DA:308,1
DA:310,1
DA:311,2
DA:312,1
DA:313,3
DA:316,1
DA:319,0
DA:322,0
DA:323,0
DA:324,0
DA:326,0
DA:327,0
DA:329,0
DA:337,1
DA:339,1
DA:340,4
DA:341,1
DA:342,3
DA:345,1
DA:348,0
DA:351,0
DA:352,0
DA:353,0
DA:354,0
DA:356,0
DA:357,0
DA:359,0
DA:372,1
DA:374,1
DA:376,3
DA:378,1
DA:381,0
DA:384,0
DA:385,0
DA:386,0
DA:387,0
DA:389,0
DA:390,0
DA:392,0
DA:397,1
DA:399,2
DA:400,2
DA:401,2
DA:402,2
DA:405,2
DA:406,2
DA:407,1
DA:415,1
DA:417,3
DA:424,1
DA:426,1
DA:428,3
DA:429,0
DA:432,3
DA:437,1
DA:438,3
DA:439,1
DA:442,1
DA:443,3
DA:444,1
DA:446,2
DA:450,4
DA:451,4
DA:458,1
DA:460,1
DA:462,3
DA:463,0
DA:466,3
DA:471,1
DA:472,4
DA:474,2
DA:476,1
DA:480,3
DA:483,4
DA:484,2
DA:489,1
DA:490,6
DA:491,3
DA:498,1
DA:500,1
DA:502,3
DA:503,0
DA:506,3
DA:511,4
DA:513,1
DA:514,1
DA:515,3
DA:519,2
DA:520,1
DA:521,5
DA:522,2
DA:523,6
DA:534,0
DA:536,0
DA:538,0
DA:539,0
DA:542,0
DA:544,0
DA:545,0
DA:548,0
DA:552,0
DA:556,0
DA:557,0
DA:558,0
DA:561,0
DA:564,0
DA:565,0
DA:569,0
DA:570,0
DA:571,0
DA:574,0
DA:575,0
DA:576,0
DA:585,0
DA:587,0
DA:589,0
DA:590,0
DA:593,0
DA:595,0
DA:596,0
DA:599,0
DA:604,0
DA:608,0
DA:633,0
DA:638,1
DA:640,3
DA:641,0
DA:644,3
DA:649,1
DA:650,3
DA:651,1
DA:652,2
DA:658,1
DA:660,3
DA:661,0
DA:669,1
DA:671,3
DA:672,0
DA:675,3
DA:679,1
DA:681,1
DA:682,6
DA:685,4
DA:686,1
DA:687,4
DA:688,3
LF:255
LH:140
end_of_record
SF:/Users/nikitamorozov/edu_itmo/languege_design/satchel/lib/src/util/extensions.dart
DA:2,2
DA:4,0
LF:2
LH:1
end_of_record
SF:/Users/nikitamorozov/edu_itmo/languege_design/satchel/lib/src/util/equality.dart
DA:4,2
DA:6,1
DA:16,1
DA:19,1
DA:20,1
DA:22,0
LF:6
LH:5
end_of_record
SF:/Users/nikitamorozov/edu_itmo/languege_design/satchel/lib/src/type_checker/visitor/stella_type_visitor.dart
DA:21,1
DA:23,1
DA:28,1
DA:35,1
DA:36,1
DA:38,2
DA:39,1
DA:40,1
DA:45,1
DA:47,1
DA:48,2
DA:53,1
DA:55,1
DA:56,2
DA:61,0
DA:63,0
DA:65,0
DA:69,0
DA:70,0
DA:71,0
DA:72,0
DA:77,1
DA:79,2
DA:80,2
DA:82,1
DA:86,1
DA:90,1
DA:91,2
DA:92,1
DA:93,1
DA:94,1
DA:99,1
DA:101,1
DA:102,3
DA:103,1
DA:104,1
DA:106,2
DA:110,2
DA:112,1
DA:116,1
DA:117,2
DA:118,1
DA:119,5
DA:120,1
DA:125,0
DA:127,0
DA:129,0
DA:133,0
DA:134,0
DA:135,0
DA:136,0
DA:137,0
DA:142,0
DA:144,0
DA:146,0
DA:150,0
DA:151,0
DA:152,0
DA:153,0
DA:154,0
DA:159,1
DA:161,1
DA:162,3
DA:163,1
DA:164,1
DA:166,2
DA:170,1
DA:171,2
DA:172,1
DA:173,5
DA:178,1
DA:180,6
DA:181,6
DA:183,4
DA:184,0
DA:185,0
DA:190,2
DA:194,1
DA:195,2
DA:196,1
DA:197,1
DA:199,5
DA:205,1
DA:207,6
DA:208,6
DA:210,4
DA:211,0
DA:212,0
DA:217,2
DA:221,1
DA:222,2
DA:223,1
DA:224,1
DA:226,4
DA:232,1
DA:234,2
DA:236,1
DA:240,1
DA:241,2
DA:242,1
DA:243,1
DA:248,1
DA:250,1
DA:251,2
DA:256,0
DA:258,0
DA:259,0
DA:264,0
DA:266,0
DA:267,0
DA:272,0
DA:274,0
DA:275,0
DA:280,0
DA:282,0
DA:283,0
DA:284,0
DA:290,1
DA:292,1
DA:293,2
DA:300,1
DA:302,1
DA:303,2
DA:309,1
DA:311,2
DA:313,2
DA:314,2
DA:316,1
DA:317,0
DA:318,0
DA:319,0
DA:321,0
DA:323,0
DA:325,0
DA:329,1
DA:330,0
DA:331,0
DA:332,0
DA:336,3
DA:341,1
DA:343,1
DA:344,2
DA:352,1
DA:354,2
DA:356,1
DA:357,0
DA:358,0
DA:359,0
DA:361,0
DA:363,0
DA:369,1
DA:370,0
DA:371,0
DA:376,1
DA:377,2
DA:385,0
DA:387,0
DA:389,0
DA:390,0
DA:391,0
DA:392,0
DA:394,0
DA:396,0
DA:402,0
DA:403,0
DA:404,0
DA:409,0
DA:410,0
DA:418,1
DA:420,2
DA:422,1
DA:423,0
DA:424,0
DA:425,0
DA:427,0
DA:429,0
DA:435,1
DA:436,0
DA:437,0
DA:442,1
DA:443,2
DA:453,1
DA:455,2
DA:456,2
DA:457,2
DA:459,1
DA:460,0
DA:461,0
DA:462,0
DA:464,0
DA:466,0
DA:468,0
DA:472,1
DA:473,0
DA:474,0
DA:475,0
DA:480,3
DA:481,4
DA:482,1
DA:483,2
DA:486,0
DA:487,0
DA:488,0
DA:489,0
DA:490,0
DA:492,0
DA:493,0
DA:495,0
DA:497,0
DA:498,0
DA:499,0
DA:502,0
DA:503,0
DA:504,0
DA:511,1
DA:513,1
DA:514,2
DA:521,1
DA:523,2
DA:525,2
DA:528,0
DA:529,0
DA:531,0
DA:535,1
DA:536,2
DA:545,1
DA:547,2
DA:548,2
DA:549,1
DA:551,1
DA:552,5
DA:553,1
DA:554,1
DA:555,1
DA:558,1
DA:559,4
DA:560,1
DA:561,1
DA:562,2
DA:564,2
DA:565,0
DA:569,1
DA:570,3
DA:571,1
DA:572,1
DA:578,2
DA:580,2
DA:581,0
DA:582,0
DA:583,0
DA:584,0
DA:585,0
DA:587,0
DA:588,0
DA:594,1
DA:595,0
DA:596,0
DA:597,0
DA:598,0
DA:599,0
DA:604,1
DA:605,1
DA:606,1
DA:607,1
DA:608,1
DA:618,1
DA:620,2
DA:621,1
DA:623,1
DA:624,3
DA:626,1
DA:627,3
DA:630,2
DA:634,2
DA:635,2
DA:638,2
DA:641,3
DA:642,1
DA:643,1
DA:644,1
DA:646,3
DA:647,1
DA:648,1
DA:653,0
DA:654,0
DA:655,0
DA:659,0
DA:660,0
DA:661,0
DA:662,0
DA:663,0
DA:665,0
DA:666,0
DA:667,0
DA:682,1
DA:684,2
DA:686,1
DA:690,1
DA:691,1
DA:692,0
DA:693,0
DA:699,5
DA:700,0
DA:701,0
DA:703,0
DA:704,0
DA:708,4
DA:709,1
DA:711,1
DA:712,0
DA:713,0
DA:714,0
DA:716,0
DA:718,0
DA:719,0
DA:721,0
DA:725,1
DA:726,0
DA:727,0
DA:728,0
DA:733,1
DA:734,2
DA:735,1
DA:742,0
DA:744,0
DA:745,0
DA:747,0
DA:748,0
DA:749,0
DA:750,0
DA:752,0
DA:754,0
DA:756,0
DA:760,0
DA:761,0
DA:762,0
DA:763,0
DA:772,1
DA:774,5
DA:775,4
DA:777,2
DA:780,0
DA:781,0
DA:782,0
DA:788,1
DA:789,2
DA:790,1
DA:796,1
DA:798,2
DA:799,4
DA:801,1
DA:803,1
DA:804,0
DA:805,0
DA:807,0
DA:812,1
DA:813,0
DA:814,0
DA:815,0
DA:821,2
DA:822,2
DA:823,0
DA:824,0
DA:826,0
DA:827,0
DA:832,1
DA:833,0
DA:834,0
DA:835,0
DA:839,1
DA:840,2
DA:841,2
DA:847,1
DA:849,6
DA:850,6
DA:851,2
DA:852,2
DA:854,1
DA:858,1
DA:859,3
DA:860,0
DA:861,0
DA:864,0
DA:865,0
DA:871,2
DA:873,0
DA:874,0
DA:875,0
DA:876,0
DA:882,1
DA:883,2
DA:884,1
DA:885,1
DA:893,1
DA:895,2
DA:896,2
DA:898,1
DA:900,1
DA:901,0
DA:902,0
DA:904,0
DA:909,1
DA:910,0
DA:911,0
DA:912,0
DA:916,1
DA:917,0
DA:918,0
DA:919,0
DA:925,2
DA:926,0
DA:927,0
DA:929,0
DA:934,1
DA:935,2
DA:936,2
DA:941,1
DA:943,2
DA:945,1
DA:946,0
DA:947,0
DA:948,0
DA:949,0
DA:954,1
DA:955,2
DA:956,1
DA:957,1
DA:963,1
DA:965,2
DA:967,1
DA:968,0
DA:969,0
DA:970,0
DA:971,0
DA:976,1
DA:977,2
DA:978,1
DA:979,1
DA:985,1
DA:987,2
DA:988,2
DA:990,1
DA:991,0
DA:992,0
DA:993,0
DA:994,0
DA:995,0
DA:996,0
DA:997,0
DA:1005,1
DA:1006,2
DA:1007,1
DA:1008,1
DA:1009,1
DA:1010,2
DA:1018,1
DA:1020,2
DA:1022,1
DA:1026,1
DA:1027,1
DA:1028,0
DA:1029,0
DA:1035,3
DA:1036,0
DA:1037,0
DA:1039,0
DA:1043,2
DA:1045,2
DA:1046,0
DA:1047,0
DA:1048,0
DA:1049,0
DA:1056,1
DA:1057,2
DA:1062,1
DA:1064,1
DA:1065,3
DA:1066,1
DA:1067,1
DA:1069,2
DA:1070,0
DA:1073,4
DA:1075,2
DA:1076,0
DA:1077,0
DA:1078,0
DA:1079,0
DA:1080,0
DA:1086,1
DA:1087,2
DA:1088,1
DA:1089,1
DA:1094,1
DA:1096,2
DA:1097,2
DA:1099,1
DA:1100,0
DA:1101,0
DA:1102,0
DA:1103,0
DA:1108,1
DA:1109,0
DA:1110,0
DA:1111,0
DA:1112,0
DA:1117,3
DA:1118,0
DA:1119,0
DA:1120,0
DA:1121,0
DA:1122,0
DA:1128,1
DA:1129,2
DA:1130,1
DA:1131,1
DA:1136,1
DA:1138,2
DA:1140,1
DA:1141,1
DA:1142,0
DA:1143,0
DA:1149,1
DA:1150,0
DA:1151,0
DA:1152,0
DA:1156,1
DA:1157,0
DA:1158,0
DA:1164,1
DA:1165,2
DA:1166,1
DA:1170,1
DA:1172,2
DA:1174,1
DA:1175,1
DA:1176,0
DA:1177,0
DA:1183,1
DA:1184,0
DA:1185,0
DA:1190,1
DA:1191,0
DA:1192,0
DA:1198,1
DA:1199,2
DA:1204,1
DA:1206,2
DA:1208,1
DA:1209,1
DA:1210,0
DA:1211,0
DA:1217,1
DA:1218,0
DA:1219,0
DA:1224,1
DA:1225,2
DA:1230,1
DA:1232,2
DA:1233,2
DA:1235,1
DA:1239,1
DA:1243,2
DA:1244,0
DA:1245,0
DA:1246,0
DA:1247,0
DA:1248,0
DA:1254,1
DA:1255,2
DA:1256,1
DA:1260,1
DA:1262,2
DA:1264,1
DA:1265,1
DA:1266,0
DA:1267,0
DA:1268,0
DA:1274,1
DA:1279,1
DA:1280,5
DA:1281,1
DA:1283,1
DA:1284,0
DA:1285,0
DA:1290,1
DA:1292,1
DA:1293,0
DA:1294,0
DA:1299,5
DA:1300,2
DA:1301,2
DA:1302,2
DA:1303,1
DA:1306,1
DA:1307,1
DA:1309,2
DA:1313,5
DA:1315,0
DA:1316,0
DA:1317,0
DA:1322,2
DA:1323,3
DA:1324,0
DA:1326,0
DA:1327,0
DA:1328,0
DA:1330,0
DA:1333,0
DA:1334,0
DA:1335,0
DA:1337,0
DA:1340,0
DA:1341,0
DA:1342,0
DA:1344,0
DA:1347,0
DA:1348,0
DA:1349,0
DA:1351,0
DA:1357,1
DA:1359,2
DA:1361,3
DA:1362,2
DA:1364,1
DA:1368,3
DA:1369,0
DA:1370,0
DA:1371,0
DA:1376,4
DA:1378,1
DA:1380,1
DA:1381,0
DA:1382,0
DA:1386,1
DA:1387,1
DA:1388,1
DA:1390,1
DA:1394,2
DA:1396,3
DA:1397,0
DA:1398,0
DA:1403,1
DA:1404,3
DA:1405,1
DA:1406,1
DA:1408,2
DA:1409,0
DA:1411,0
DA:1412,0
DA:1413,0
DA:1415,0
DA:1417,0
DA:1418,0
DA:1419,0
DA:1421,0
DA:1423,0
DA:1424,0
DA:1425,0
DA:1427,0
DA:1429,0
DA:1430,0
DA:1431,0
DA:1433,0
DA:1436,0
DA:1437,0
DA:1444,1
DA:1446,2
DA:1448,1
DA:1449,5
DA:1450,1
DA:1452,1
DA:1453,0
DA:1454,0
DA:1459,6
DA:1461,0
DA:1462,0
DA:1468,2
DA:1469,4
DA:1470,2
DA:1471,2
DA:1474,2
DA:1479,1
DA:1481,1
DA:1483,1
DA:1487,2
DA:1489,2
DA:1490,0
DA:1491,0
DA:1497,4
DA:1498,1
DA:1500,2
DA:1501,0
DA:1503,0
DA:1504,0
DA:1505,0
DA:1507,0
DA:1509,0
DA:1510,0
DA:1511,0
DA:1513,0
DA:1515,0
DA:1516,0
DA:1517,0
DA:1519,0
DA:1521,0
DA:1522,0
DA:1523,0
DA:1525,0
DA:1528,0
DA:1529,0
DA:1536,1
DA:1538,2
LF:712
LH:377
end_of_record
SF:/Users/nikitamorozov/edu_itmo/languege_design/satchel/lib/src/type_checker/visitor/top_level_function_visitor.dart
DA:10,1
DA:12,1
DA:14,1
DA:17,1
DA:22,1
DA:25,1
DA:27,1
DA:28,4
DA:29,1
DA:30,1
DA:32,2
DA:36,2
DA:37,1
DA:40,1
DA:44,1
DA:45,2
DA:46,1
DA:47,5
DA:48,1
LF:19
LH:19
end_of_record
SF:/Users/nikitamorozov/edu_itmo/languege_design/satchel/lib/src/type_checker/visitor/stella_pattern_visitor.dart
DA:13,1
DA:15,1
DA:17,2
DA:19,1
DA:21,2
DA:25,1
DA:27,2
DA:28,0
DA:31,1
DA:34,1
DA:36,2
DA:37,0
DA:40,1
DA:43,1
DA:45,2
DA:46,0
DA:49,1
DA:52,1
DA:54,2
DA:55,0
DA:58,4
DA:61,1
DA:63,2
DA:64,0
DA:67,2
DA:69,1
DA:70,0
DA:73,1
DA:76,1
DA:78,3
DA:80,1
DA:84,1
DA:85,1
DA:86,0
DA:89,4
DA:92,1
DA:94,1
DA:96,1
DA:97,0
DA:100,4
DA:101,1
DA:104,1
DA:106,1
DA:108,1
DA:109,0
DA:112,4
DA:113,1
DA:116,1
DA:118,1
DA:120,1
DA:121,0
DA:124,1
DA:125,6
DA:126,1
DA:127,1
DA:129,1
DA:132,1
DA:134,1
DA:136,1
DA:137,0
DA:140,6
DA:142,4
DA:143,0
DA:146,4
DA:147,2
DA:148,0
DA:151,2
DA:152,3
DA:156,2
DA:159,1
DA:161,1
DA:163,1
DA:164,0
DA:167,1
DA:168,5
DA:169,1
DA:170,1
DA:172,1
DA:175,1
DA:177,1
DA:179,1
DA:180,0
DA:183,4
DA:184,3
DA:186,1
DA:189,1
DA:191,1
DA:193,1
DA:194,0
DA:197,2
DA:198,2
DA:199,0
DA:201,2
DA:203,1
DA:204,0
DA:207,1
DA:208,0
DA:211,3
DA:213,1
DA:216,1
DA:218,2
LF:101
LH:82
end_of_record
SF:/Users/nikitamorozov/edu_itmo/languege_design/satchel/lib/src/util/iterable.dart
DA:5,1
DA:7,1
DA:8,1
DA:9,2
DA:10,2
DA:19,1
DA:21,1
DA:23,2
DA:24,1
DA:28,2
DA:29,0
DA:33,5
DA:38,1
DA:39,1
DA:43,3
DA:45,3
LF:16
LH:15
end_of_record
